IP Upgrade report for DE1_SoC_Computer
Wed Mar 13 10:08:50 2019
Quartus Prime Version 18.1.0 Build 625 09/12/2018 SJ Standard Edition


---------------------
; Table of Contents ;
---------------------
  1. Legal Notice
  2. IP Upgrade Summary
  3. Successfully Upgraded IP Components
  4. IP Upgrade Messages



----------------
; Legal Notice ;
----------------
Copyright (C) 2018  Intel Corporation. All rights reserved.
Your use of Intel Corporation's design tools, logic functions 
and other software and tools, and its AMPP partner logic 
functions, and any output files from any of the foregoing 
(including device programming or simulation files), and any 
associated documentation or information are expressly subject 
to the terms and conditions of the Intel Program License 
Subscription Agreement, the Intel Quartus Prime License Agreement,
the Intel FPGA IP License Agreement, or other applicable license
agreement, including, without limitation, that your use is for
the sole purpose of programming logic devices manufactured by
Intel and sold by Intel or its authorized distributors.  Please
refer to the applicable agreement for further details.



+--------------------------------------------------------------------------------+
; IP Upgrade Summary                                                             ;
+------------------------------+-------------------------------------------------+
; IP Components Upgrade Status ; Passed - Wed Mar 13 10:08:50 2019               ;
; Quartus Prime Version        ; 18.1.0 Build 625 09/12/2018 SJ Standard Edition ;
; Revision Name                ; DE1_SoC_Computer                                ;
; Top-level Entity Name        ; DE1_SoC_Computer                                ;
; Family                       ; Cyclone V                                       ;
+------------------------------+-------------------------------------------------+


+-----------------------------------------------------------------------------------------------------------------------------------------------------------------------------+
; Successfully Upgraded IP Components                                                                                                                                         ;
+-----------------+----------------+---------+-----------------------------------------------+----------------------+-----------------------------------------------+---------+
; Entity Name     ; Component Name ; Version ; Original Source File                          ; Generation File Path ; New Source File                               ; Message ;
+-----------------+----------------+---------+-----------------------------------------------+----------------------+-----------------------------------------------+---------+
; Computer_System ; Qsys           ; 15.1    ; Computer_System/synthesis/Computer_System.qip ; Computer_System.qsys ; Computer_System/synthesis/Computer_System.qip ;         ;
+-----------------+----------------+---------+-----------------------------------------------+----------------------+-----------------------------------------------+---------+


+---------------------+
; IP Upgrade Messages ;
+---------------------+
Info (11902): Backing up file "Computer_System.qsys" to "Computer_System.BAK.qsys"
Info (11902): Backing up file "Computer_System/synthesis/Computer_System.v" to "Computer_System.BAK.v"
Info (11837): Started upgrading IP component Qsys with file "Computer_System.qsys"
Info: 2019.03.13.10:05:10 Info: Starting to upgrade the IP cores in the Platform Designer system
Info: 2019.03.13.10:05:10 Info: Finished upgrading the ip cores
Info: 2019.03.13.10:05:32 Info: Saving generation log to C:/Users/fwang/Desktop/SoC Projects/cornellsources/DE1-SoC_640x480/DE1_SoC_Computer_chopped_1_restored/Computer_System
Info: 2019.03.13.10:05:32 Info: Starting: Create simulation model
Info: 2019.03.13.10:05:32 Info: qsys-generate "C:\Users\fwang\Desktop\SoC Projects\cornellsources\DE1-SoC_640x480\DE1_SoC_Computer_chopped_1_restored\Computer_System.qsys" --simulation=VERILOG --allow-mixed-language-simulation --output-directory="C:\Users\fwang\Desktop\SoC Projects\cornellsources\DE1-SoC_640x480\DE1_SoC_Computer_chopped_1_restored\Computer_System\simulation" --family="Cyclone V" --part=5CSEMA5F31C6
Info: 2019.03.13.10:05:32 Info: Loading DE1_SoC_Computer_chopped_1_restored
Info: 2019.03.13.10:05:32 Info: Reading input file
Info: 2019.03.13.10:05:32 Info: Adding ADC [altera_up_avalon_adc 18.0]
Info: 2019.03.13.10:05:32 Info: Parameterizing module ADC
Info: 2019.03.13.10:05:32 Info: Adding ARM_A9_HPS [altera_hps 18.1]
Info: 2019.03.13.10:05:32 Info: Parameterizing module ARM_A9_HPS
Info: 2019.03.13.10:05:32 Info: Adding AV_Config [altera_up_avalon_audio_and_video_config 18.0]
Info: 2019.03.13.10:05:32 Info: Parameterizing module AV_Config
Info: 2019.03.13.10:05:32 Info: Adding Audio_Subsystem [Audio_Subsystem 1.0]
Info: 2019.03.13.10:05:33 Info: Parameterizing module Audio_Subsystem
Info: 2019.03.13.10:05:33 Info: Adding F2H_Mem_Window_00000000 [altera_address_span_extender 18.1]
Info: 2019.03.13.10:05:33 Info: Parameterizing module F2H_Mem_Window_00000000
Info: 2019.03.13.10:05:33 Info: Adding F2H_Mem_Window_FF600000 [altera_address_span_extender 18.1]
Info: 2019.03.13.10:05:33 Info: Parameterizing module F2H_Mem_Window_FF600000
Info: 2019.03.13.10:05:33 Info: Adding F2H_Mem_Window_FF800000 [altera_address_span_extender 18.1]
Info: 2019.03.13.10:05:33 Info: Parameterizing module F2H_Mem_Window_FF800000
Info: 2019.03.13.10:05:33 Info: Adding HEX3_HEX0 [altera_avalon_pio 18.1]
Info: 2019.03.13.10:05:33 Info: Parameterizing module HEX3_HEX0
Info: 2019.03.13.10:05:33 Info: Adding HEX5_HEX4 [altera_avalon_pio 18.1]
Info: 2019.03.13.10:05:33 Info: Parameterizing module HEX5_HEX4
Info: 2019.03.13.10:05:33 Info: Adding JTAG_to_FPGA_Bridge [altera_jtag_avalon_master 18.1]
Info: 2019.03.13.10:05:33 Info: Parameterizing module JTAG_to_FPGA_Bridge
Info: 2019.03.13.10:05:33 Info: Adding JTAG_to_HPS_Bridge [altera_jtag_avalon_master 18.1]
Info: 2019.03.13.10:05:33 Info: Parameterizing module JTAG_to_HPS_Bridge
Info: 2019.03.13.10:05:33 Info: Adding LEDs [altera_avalon_pio 18.1]
Info: 2019.03.13.10:05:33 Info: Parameterizing module LEDs
Info: 2019.03.13.10:05:33 Info: Adding Onchip_SRAM [altera_avalon_onchip_memory2 18.1]
Info: 2019.03.13.10:05:33 Info: Parameterizing module Onchip_SRAM
Info: 2019.03.13.10:05:33 Info: Adding Pixel_DMA_Addr_Translation [altera_up_avalon_video_dma_ctrl_addr_trans 18.0]
Info: 2019.03.13.10:05:33 Info: Parameterizing module Pixel_DMA_Addr_Translation
Info: 2019.03.13.10:05:33 Info: Adding Pushbuttons [altera_avalon_pio 18.1]
Info: 2019.03.13.10:05:33 Info: Parameterizing module Pushbuttons
Info: 2019.03.13.10:05:33 Info: Adding SDRAM [altera_avalon_new_sdram_controller 18.1]
Info: 2019.03.13.10:05:33 Info: Parameterizing module SDRAM
Info: 2019.03.13.10:05:33 Info: Adding Slider_Switches [altera_avalon_pio 18.1]
Info: 2019.03.13.10:05:33 Info: Parameterizing module Slider_Switches
Info: 2019.03.13.10:05:33 Info: Adding System_PLL [altera_up_avalon_sys_sdram_pll 18.0]
Info: 2019.03.13.10:05:33 Info: Parameterizing module System_PLL
Info: 2019.03.13.10:05:33 Info: Adding VGA_Subsystem [VGA_Subsystem 1.0]
Info: 2019.03.13.10:05:33 Info: Parameterizing module VGA_Subsystem
Info: 2019.03.13.10:05:33 Info: Adding Video_In_DMA_Addr_Translation [altera_up_avalon_video_dma_ctrl_addr_trans 18.0]
Info: 2019.03.13.10:05:33 Info: Parameterizing module Video_In_DMA_Addr_Translation
Info: 2019.03.13.10:05:33 Info: Adding Video_In_Subsystem [Video_In_Subsystem 1.0]
Info: 2019.03.13.10:05:33 Info: Parameterizing module Video_In_Subsystem
Info: 2019.03.13.10:05:33 Info: Building connections
Info: 2019.03.13.10:05:33 Info: Parameterizing connections
Info: 2019.03.13.10:05:33 Info: Validating
Info: 2019.03.13.10:05:40 Info: Done reading input file
Info: 2019.03.13.10:05:44 Info: Computer_System.ARM_A9_HPS: HPS Main PLL counter settings: n = 0  m = 73
Info: 2019.03.13.10:05:44 Info: Computer_System.ARM_A9_HPS: HPS peripherial PLL counter settings: n = 0  m = 39
Warning: 2019.03.13.10:05:44 Warning: Computer_System.ARM_A9_HPS: "QSPI clock frequency" (desired_qspi_clk_mhz) requested 400.0 MHz, but only achieved 370.0 MHz
Warning: 2019.03.13.10:05:44 Warning: Computer_System.ARM_A9_HPS: 1 or more output clock frequencies cannot be achieved precisely, consider revising desired output clock frequencies.
Warning: 2019.03.13.10:05:44 Warning: Computer_System.Pixel_DMA_Addr_Translation.master: Master needs a minimum address width of 3 bits (has 2)
Info: 2019.03.13.10:05:44 Info: Computer_System.SDRAM: SDRAM Controller will only be supported in Quartus Prime Standard Edition in the future release.
Info: 2019.03.13.10:05:44 Info: Computer_System.System_PLL: Refclk Freq: 50.0
Info: 2019.03.13.10:05:44 Info: Computer_System.VGA_Subsystem.VGA_Char_Buffer: Character Resolution: 80 x 60
Info: 2019.03.13.10:05:44 Info: Computer_System.VGA_Subsystem.VGA_Controller: Video Output Stream: Format: 640 x 480 with Color: 10 (bits) x 3 (planes) converted to 8 (bits) per color plane
Info: 2019.03.13.10:05:44 Info: Computer_System.VGA_Subsystem.VGA_Pixel_RGB_Resampler: RGB Resampling: 8 (bits) x 1 (planes) -> 10 (bits) x 3 (planes)
Warning: 2019.03.13.10:05:44 Warning: Computer_System.VGA_Subsystem.VGA_Pixel_RGB_Resampler: VGA_Pixel_RGB_Resampler.avalon_rgb_slave must be connected to an Avalon-MM master
Warning: 2019.03.13.10:05:44 Warning: Computer_System.Video_In_DMA_Addr_Translation.master: Master needs a minimum address width of 3 bits (has 2)
Info: 2019.03.13.10:05:44 Info: Computer_System.Video_In_Subsystem.Edge_Detection_Subsystem.Chroma_Filter: Chroma Resampling: 8 (bits) x 3 (planes) -> 8 (bits) x 1 (planes)
Info: 2019.03.13.10:05:44 Info: Computer_System.Video_In_Subsystem.Edge_Detection_Subsystem.Chroma_Upsampler: Chroma Resampling: 8 (bits) x 1 (planes) -> 8 (bits) x 3 (planes)
Info: 2019.03.13.10:05:44 Info: Computer_System.Video_In_Subsystem.Video_In: Video In Stream: Format: 720 x 244 (Odd Frames) or 720 x 243 (Even Frames) with Colour: 8 (bits) x 2 (planes) (YCrCb 4:2:2)
Info: 2019.03.13.10:05:44 Info: Computer_System.Video_In_Subsystem.Video_In_CSC: Colour Space Conversion: 8 (bits) x 3 (planes) (444 YCrCb) -> 8 (bits) x 3 (planes) (24-bit RGB)
Info: 2019.03.13.10:05:44 Info: Computer_System.Video_In_Subsystem.Video_In_Chroma_Resampler: Chroma Resampling: 8 (bits) x 2 (planes) -> 8 (bits) x 3 (planes)
Info: 2019.03.13.10:05:44 Info: Computer_System.Video_In_Subsystem.Video_In_Clipper: Change in Resolution: 720 x 244 -> 640 x 240
Info: 2019.03.13.10:05:44 Info: Computer_System.Video_In_Subsystem.Video_In_RGB_Resampler: RGB Resampling: 8 (bits) x 3 (planes) -> 16 (bits) x 1 (planes)
Info: 2019.03.13.10:05:44 Info: Computer_System.Video_In_Subsystem.Video_In_Scaler: Change in Resolution: 640 x 240 -> 320 x 240
Warning: 2019.03.13.10:05:44 Warning: Computer_System.Video_In_Subsystem.Video_In_RGB_Resampler: Video_In_RGB_Resampler.avalon_rgb_slave must be connected to an Avalon-MM master
Info: 2019.03.13.10:05:45 Info: Computer_System: Generating Computer_System "Computer_System" for SIM_VERILOG
Warning: 2019.03.13.10:05:55 Warning: ARM_A9_HPS.f2h_irq0: Cannot connect clock for irq_mapper.sender
Warning: 2019.03.13.10:05:55 Warning: ARM_A9_HPS.f2h_irq0: Cannot connect reset for irq_mapper.sender
Warning: 2019.03.13.10:05:55 Warning: ARM_A9_HPS.f2h_irq1: Cannot connect clock for irq_mapper_001.sender
Warning: 2019.03.13.10:05:55 Warning: ARM_A9_HPS.f2h_irq1: Cannot connect reset for irq_mapper_001.sender
Info: 2019.03.13.10:06:03 Info: ADC: Starting Generation of ADC Controller for DE-series Board
Info: 2019.03.13.10:06:03 Info: ADC: C:/intelfpga/18.1/ip/altera/university_program/input_output/altera_up_avalon_adc/hdl/altera_up_avalon_adv_adc.v C:/Users/fwang/AppData/Local/Temp/alt7968_8632710728449444245.dir/0002_sopcgen
Info: 2019.03.13.10:06:05 Info: ADC: "Computer_System" instantiated altera_up_avalon_adc "ADC"
Info: 2019.03.13.10:06:05 Info: ARM_A9_HPS: "Running  for module: ARM_A9_HPS"
Info: 2019.03.13.10:06:05 Info: ARM_A9_HPS: HPS Main PLL counter settings: n = 0  m = 73
Info: 2019.03.13.10:06:06 Info: ARM_A9_HPS: HPS peripherial PLL counter settings: n = 0  m = 39
Warning: 2019.03.13.10:06:06 Warning: ARM_A9_HPS: "QSPI clock frequency" (desired_qspi_clk_mhz) requested 400.0 MHz, but only achieved 370.0 MHz
Warning: 2019.03.13.10:06:06 Warning: ARM_A9_HPS: 1 or more output clock frequencies cannot be achieved precisely, consider revising desired output clock frequencies.
Info: 2019.03.13.10:06:07 Info: ARM_A9_HPS: "Computer_System" instantiated altera_hps "ARM_A9_HPS"
Info: 2019.03.13.10:06:07 Info: AV_Config: Starting Generation of Audio and Video Config
Info: 2019.03.13.10:06:07 Info: AV_Config: "Computer_System" instantiated altera_up_avalon_audio_and_video_config "AV_Config"
Info: 2019.03.13.10:06:08 Info: Audio_Subsystem: "Computer_System" instantiated Audio_Subsystem "Audio_Subsystem"
Info: 2019.03.13.10:06:08 Info: F2H_Mem_Window_00000000: "Computer_System" instantiated altera_address_span_extender "F2H_Mem_Window_00000000"
Info: 2019.03.13.10:06:08 Info: HEX3_HEX0: Starting RTL generation for module 'Computer_System_HEX3_HEX0'
Info: 2019.03.13.10:06:08 Info: HEX3_HEX0:   Generation command is [exec C:/intelfpga/18.1/quartus/bin64/perl/bin/perl.exe -I C:/intelfpga/18.1/quartus/bin64/perl/lib -I C:/intelfpga/18.1/quartus/sopc_builder/bin/europa -I C:/intelfpga/18.1/quartus/sopc_builder/bin/perl_lib -I C:/intelfpga/18.1/quartus/sopc_builder/bin -I C:/intelfpga/18.1/quartus/../ip/altera/sopc_builder_ip/common -I C:/intelfpga/18.1/quartus/../ip/altera/sopc_builder_ip/altera_avalon_pio -- C:/intelfpga/18.1/quartus/../ip/altera/sopc_builder_ip/altera_avalon_pio/generate_rtl.pl --name=Computer_System_HEX3_HEX0 --dir=C:/Users/fwang/AppData/Local/Temp/alt7968_8632710728449444245.dir/0007_HEX3_HEX0_gen/ --quartus_dir=C:/intelfpga/18.1/quartus --verilog --config=C:/Users/fwang/AppData/Local/Temp/alt7968_8632710728449444245.dir/0007_HEX3_HEX0_gen//Computer_System_HEX3_HEX0_component_configuration.pl  --do_build_sim=1    --sim_dir=C:/Users/fwang/AppData/Local/Temp/alt7968_8632710728449444245.dir/0007_HEX3_HEX0_gen
Info: 2019.03.13.10:06:08 Info: HEX3_HEX0: Done RTL generation for module 'Computer_System_HEX3_HEX0'
Info: 2019.03.13.10:06:08 Info: HEX3_HEX0: "Computer_System" instantiated altera_avalon_pio "HEX3_HEX0"
Info: 2019.03.13.10:06:09 Info: HEX5_HEX4: Starting RTL generation for module 'Computer_System_HEX5_HEX4'
Info: 2019.03.13.10:06:09 Info: HEX5_HEX4:   Generation command is [exec C:/intelfpga/18.1/quartus/bin64/perl/bin/perl.exe -I C:/intelfpga/18.1/quartus/bin64/perl/lib -I C:/intelfpga/18.1/quartus/sopc_builder/bin/europa -I C:/intelfpga/18.1/quartus/sopc_builder/bin/perl_lib -I C:/intelfpga/18.1/quartus/sopc_builder/bin -I C:/intelfpga/18.1/quartus/../ip/altera/sopc_builder_ip/common -I C:/intelfpga/18.1/quartus/../ip/altera/sopc_builder_ip/altera_avalon_pio -- C:/intelfpga/18.1/quartus/../ip/altera/sopc_builder_ip/altera_avalon_pio/generate_rtl.pl --name=Computer_System_HEX5_HEX4 --dir=C:/Users/fwang/AppData/Local/Temp/alt7968_8632710728449444245.dir/0008_HEX5_HEX4_gen/ --quartus_dir=C:/intelfpga/18.1/quartus --verilog --config=C:/Users/fwang/AppData/Local/Temp/alt7968_8632710728449444245.dir/0008_HEX5_HEX4_gen//Computer_System_HEX5_HEX4_component_configuration.pl  --do_build_sim=1    --sim_dir=C:/Users/fwang/AppData/Local/Temp/alt7968_8632710728449444245.dir/0008_HEX5_HEX4_gen
Info: 2019.03.13.10:06:09 Info: HEX5_HEX4: Done RTL generation for module 'Computer_System_HEX5_HEX4'
Info: 2019.03.13.10:06:09 Info: HEX5_HEX4: "Computer_System" instantiated altera_avalon_pio "HEX5_HEX4"
Info: 2019.03.13.10:06:09 Info: JTAG_to_FPGA_Bridge: "Computer_System" instantiated altera_jtag_avalon_master "JTAG_to_FPGA_Bridge"
Info: 2019.03.13.10:06:09 Info: LEDs: Starting RTL generation for module 'Computer_System_LEDs'
Info: 2019.03.13.10:06:09 Info: LEDs:   Generation command is [exec C:/intelfpga/18.1/quartus/bin64/perl/bin/perl.exe -I C:/intelfpga/18.1/quartus/bin64/perl/lib -I C:/intelfpga/18.1/quartus/sopc_builder/bin/europa -I C:/intelfpga/18.1/quartus/sopc_builder/bin/perl_lib -I C:/intelfpga/18.1/quartus/sopc_builder/bin -I C:/intelfpga/18.1/quartus/../ip/altera/sopc_builder_ip/common -I C:/intelfpga/18.1/quartus/../ip/altera/sopc_builder_ip/altera_avalon_pio -- C:/intelfpga/18.1/quartus/../ip/altera/sopc_builder_ip/altera_avalon_pio/generate_rtl.pl --name=Computer_System_LEDs --dir=C:/Users/fwang/AppData/Local/Temp/alt7968_8632710728449444245.dir/0009_LEDs_gen/ --quartus_dir=C:/intelfpga/18.1/quartus --verilog --config=C:/Users/fwang/AppData/Local/Temp/alt7968_8632710728449444245.dir/0009_LEDs_gen//Computer_System_LEDs_component_configuration.pl  --do_build_sim=1    --sim_dir=C:/Users/fwang/AppData/Local/Temp/alt7968_8632710728449444245.dir/0009_LEDs_gen
Info: 2019.03.13.10:06:09 Info: LEDs: Done RTL generation for module 'Computer_System_LEDs'
Info: 2019.03.13.10:06:09 Info: LEDs: "Computer_System" instantiated altera_avalon_pio "LEDs"
Info: 2019.03.13.10:06:09 Info: Onchip_SRAM: Starting RTL generation for module 'Computer_System_Onchip_SRAM'
Info: 2019.03.13.10:06:09 Info: Onchip_SRAM:   Generation command is [exec C:/intelfpga/18.1/quartus/bin64/perl/bin/perl.exe -I C:/intelfpga/18.1/quartus/bin64/perl/lib -I C:/intelfpga/18.1/quartus/sopc_builder/bin/europa -I C:/intelfpga/18.1/quartus/sopc_builder/bin/perl_lib -I C:/intelfpga/18.1/quartus/sopc_builder/bin -I C:/intelfpga/18.1/quartus/../ip/altera/sopc_builder_ip/common -I C:/intelfpga/18.1/quartus/../ip/altera/sopc_builder_ip/altera_avalon_onchip_memory2 -- C:/intelfpga/18.1/quartus/../ip/altera/sopc_builder_ip/altera_avalon_onchip_memory2/generate_rtl.pl --name=Computer_System_Onchip_SRAM --dir=C:/Users/fwang/AppData/Local/Temp/alt7968_8632710728449444245.dir/0010_Onchip_SRAM_gen/ --quartus_dir=C:/intelfpga/18.1/quartus --verilog --config=C:/Users/fwang/AppData/Local/Temp/alt7968_8632710728449444245.dir/0010_Onchip_SRAM_gen//Computer_System_Onchip_SRAM_component_configuration.pl  --do_build_sim=1    --sim_dir=C:/Users/fwang/AppData/Local/Temp/alt7968_8632710728449444245.dir/0010_Onchip_SRAM_gen
Info: 2019.03.13.10:06:11 Info: Onchip_SRAM: Done RTL generation for module 'Computer_System_Onchip_SRAM'
Info: 2019.03.13.10:06:11 Info: Onchip_SRAM: "Computer_System" instantiated altera_avalon_onchip_memory2 "Onchip_SRAM"
Info: 2019.03.13.10:06:11 Info: Pixel_DMA_Addr_Translation: "Computer_System" instantiated altera_up_avalon_video_dma_ctrl_addr_trans "Pixel_DMA_Addr_Translation"
Info: 2019.03.13.10:06:11 Info: Pushbuttons: Starting RTL generation for module 'Computer_System_Pushbuttons'
Info: 2019.03.13.10:06:11 Info: Pushbuttons:   Generation command is [exec C:/intelfpga/18.1/quartus/bin64/perl/bin/perl.exe -I C:/intelfpga/18.1/quartus/bin64/perl/lib -I C:/intelfpga/18.1/quartus/sopc_builder/bin/europa -I C:/intelfpga/18.1/quartus/sopc_builder/bin/perl_lib -I C:/intelfpga/18.1/quartus/sopc_builder/bin -I C:/intelfpga/18.1/quartus/../ip/altera/sopc_builder_ip/common -I C:/intelfpga/18.1/quartus/../ip/altera/sopc_builder_ip/altera_avalon_pio -- C:/intelfpga/18.1/quartus/../ip/altera/sopc_builder_ip/altera_avalon_pio/generate_rtl.pl --name=Computer_System_Pushbuttons --dir=C:/Users/fwang/AppData/Local/Temp/alt7968_8632710728449444245.dir/0012_Pushbuttons_gen/ --quartus_dir=C:/intelfpga/18.1/quartus --verilog --config=C:/Users/fwang/AppData/Local/Temp/alt7968_8632710728449444245.dir/0012_Pushbuttons_gen//Computer_System_Pushbuttons_component_configuration.pl  --do_build_sim=1    --sim_dir=C:/Users/fwang/AppData/Local/Temp/alt7968_8632710728449444245.dir/0012_Pushbuttons_gen
Info: 2019.03.13.10:06:11 Info: Pushbuttons: Done RTL generation for module 'Computer_System_Pushbuttons'
Info: 2019.03.13.10:06:11 Info: Pushbuttons: "Computer_System" instantiated altera_avalon_pio "Pushbuttons"
Info: 2019.03.13.10:06:11 Info: SDRAM: Starting RTL generation for module 'Computer_System_SDRAM'
Info: 2019.03.13.10:06:11 Info: SDRAM:   Generation command is [exec C:/intelfpga/18.1/quartus/bin64/perl/bin/perl.exe -I C:/intelfpga/18.1/quartus/bin64/perl/lib -I C:/intelfpga/18.1/quartus/sopc_builder/bin/europa -I C:/intelfpga/18.1/quartus/sopc_builder/bin/perl_lib -I C:/intelfpga/18.1/quartus/sopc_builder/bin -I C:/intelfpga/18.1/quartus/../ip/altera/sopc_builder_ip/common -I C:/intelfpga/18.1/quartus/../ip/altera/sopc_builder_ip/altera_avalon_new_sdram_controller -- C:/intelfpga/18.1/quartus/../ip/altera/sopc_builder_ip/altera_avalon_new_sdram_controller/generate_rtl.pl --name=Computer_System_SDRAM --dir=C:/Users/fwang/AppData/Local/Temp/alt7968_8632710728449444245.dir/0013_SDRAM_gen/ --quartus_dir=C:/intelfpga/18.1/quartus --verilog --config=C:/Users/fwang/AppData/Local/Temp/alt7968_8632710728449444245.dir/0013_SDRAM_gen//Computer_System_SDRAM_component_configuration.pl  --do_build_sim=1    --sim_dir=C:/Users/fwang/AppData/Local/Temp/alt7968_8632710728449444245.dir/0013_SDRAM_gen
Info: 2019.03.13.10:06:11 Info: SDRAM: Done RTL generation for module 'Computer_System_SDRAM'
Info: 2019.03.13.10:06:11 Info: SDRAM: "Computer_System" instantiated altera_avalon_new_sdram_controller "SDRAM"
Info: 2019.03.13.10:06:11 Info: Slider_Switches: Starting RTL generation for module 'Computer_System_Slider_Switches'
Info: 2019.03.13.10:06:11 Info: Slider_Switches:   Generation command is [exec C:/intelfpga/18.1/quartus/bin64/perl/bin/perl.exe -I C:/intelfpga/18.1/quartus/bin64/perl/lib -I C:/intelfpga/18.1/quartus/sopc_builder/bin/europa -I C:/intelfpga/18.1/quartus/sopc_builder/bin/perl_lib -I C:/intelfpga/18.1/quartus/sopc_builder/bin -I C:/intelfpga/18.1/quartus/../ip/altera/sopc_builder_ip/common -I C:/intelfpga/18.1/quartus/../ip/altera/sopc_builder_ip/altera_avalon_pio -- C:/intelfpga/18.1/quartus/../ip/altera/sopc_builder_ip/altera_avalon_pio/generate_rtl.pl --name=Computer_System_Slider_Switches --dir=C:/Users/fwang/AppData/Local/Temp/alt7968_8632710728449444245.dir/0014_Slider_Switches_gen/ --quartus_dir=C:/intelfpga/18.1/quartus --verilog --config=C:/Users/fwang/AppData/Local/Temp/alt7968_8632710728449444245.dir/0014_Slider_Switches_gen//Computer_System_Slider_Switches_component_configuration.pl  --do_build_sim=1    --sim_dir=C:/Users/fwang/AppData/Local/Temp/alt7968_8632710728449444245.dir/0014_Slider_Switches_gen
Info: 2019.03.13.10:06:12 Info: Slider_Switches: Done RTL generation for module 'Computer_System_Slider_Switches'
Info: 2019.03.13.10:06:12 Info: Slider_Switches: "Computer_System" instantiated altera_avalon_pio "Slider_Switches"
Info: 2019.03.13.10:06:12 Info: System_PLL: "Computer_System" instantiated altera_up_avalon_sys_sdram_pll "System_PLL"
Info: 2019.03.13.10:06:13 Info: VGA_Subsystem: "Computer_System" instantiated VGA_Subsystem "VGA_Subsystem"
Info: 2019.03.13.10:06:14 Info: Video_In_Subsystem: "Computer_System" instantiated Video_In_Subsystem "Video_In_Subsystem"
Info: 2019.03.13.10:06:15 Info: mm_interconnect_0: "Computer_System" instantiated altera_mm_interconnect "mm_interconnect_0"
Info: 2019.03.13.10:06:20 Info: avalon_st_adapter: Inserting error_adapter: error_adapter_0
Info: 2019.03.13.10:06:20 Info: avalon_st_adapter_001: Inserting error_adapter: error_adapter_0
Info: 2019.03.13.10:06:20 Info: avalon_st_adapter_002: Inserting error_adapter: error_adapter_0
Info: 2019.03.13.10:06:20 Info: avalon_st_adapter_003: Inserting error_adapter: error_adapter_0
Info: 2019.03.13.10:06:20 Info: avalon_st_adapter_004: Inserting error_adapter: error_adapter_0
Info: 2019.03.13.10:06:20 Info: avalon_st_adapter_005: Inserting error_adapter: error_adapter_0
Info: 2019.03.13.10:06:20 Info: avalon_st_adapter_006: Inserting error_adapter: error_adapter_0
Info: 2019.03.13.10:06:21 Info: avalon_st_adapter_007: Inserting error_adapter: error_adapter_0
Info: 2019.03.13.10:06:21 Info: avalon_st_adapter_008: Inserting error_adapter: error_adapter_0
Info: 2019.03.13.10:06:21 Info: avalon_st_adapter_009: Inserting error_adapter: error_adapter_0
Info: 2019.03.13.10:06:21 Info: avalon_st_adapter_010: Inserting error_adapter: error_adapter_0
Info: 2019.03.13.10:06:21 Info: avalon_st_adapter_011: Inserting error_adapter: error_adapter_0
Info: 2019.03.13.10:06:21 Info: avalon_st_adapter_012: Inserting error_adapter: error_adapter_0
Info: 2019.03.13.10:06:22 Info: avalon_st_adapter_013: Inserting error_adapter: error_adapter_0
Info: 2019.03.13.10:06:22 Info: avalon_st_adapter_014: Inserting error_adapter: error_adapter_0
Info: 2019.03.13.10:06:22 Info: avalon_st_adapter_015: Inserting error_adapter: error_adapter_0
Info: 2019.03.13.10:06:22 Info: avalon_st_adapter_016: Inserting error_adapter: error_adapter_0
Info: 2019.03.13.10:06:22 Info: avalon_st_adapter_017: Inserting error_adapter: error_adapter_0
Info: 2019.03.13.10:06:22 Info: avalon_st_adapter_018: Inserting error_adapter: error_adapter_0
Info: 2019.03.13.10:06:22 Info: avalon_st_adapter_019: Inserting error_adapter: error_adapter_0
Info: 2019.03.13.10:06:23 Info: avalon_st_adapter_020: Inserting error_adapter: error_adapter_0
Info: 2019.03.13.10:06:26 Info: mm_interconnect_1: "Computer_System" instantiated altera_mm_interconnect "mm_interconnect_1"
Info: 2019.03.13.10:06:26 Info: irq_mapper: "Computer_System" instantiated altera_irq_mapper "irq_mapper"
Info: 2019.03.13.10:06:26 Info: irq_mapper_001: "Computer_System" instantiated altera_irq_mapper "irq_mapper_001"
Info: 2019.03.13.10:06:26 Info: rst_controller: "Computer_System" instantiated altera_reset_controller "rst_controller"
Info: 2019.03.13.10:06:26 Info: fpga_interfaces: "ARM_A9_HPS" instantiated altera_interface_generator "fpga_interfaces"
Info: 2019.03.13.10:06:27 Info: hps_io: "ARM_A9_HPS" instantiated altera_hps_io "hps_io"
Info: 2019.03.13.10:06:27 Info: Audio: Starting Generation of Audio Controller
Info: 2019.03.13.10:06:27 Info: Audio: "Audio_Subsystem" instantiated altera_up_avalon_audio "Audio"
Info: 2019.03.13.10:06:28 Info: Audio_PLL: "Audio_Subsystem" instantiated altera_up_avalon_audio_pll "Audio_PLL"
Info: 2019.03.13.10:06:28 Info: jtag_phy_embedded_in_jtag_master: "JTAG_to_FPGA_Bridge" instantiated altera_jtag_dc_streaming "jtag_phy_embedded_in_jtag_master"
Info: 2019.03.13.10:06:28 Info: timing_adt: "JTAG_to_FPGA_Bridge" instantiated timing_adapter "timing_adt"
Info: 2019.03.13.10:06:28 Info: fifo: "JTAG_to_FPGA_Bridge" instantiated altera_avalon_sc_fifo "fifo"
Info: 2019.03.13.10:06:28 Info: b2p: "JTAG_to_FPGA_Bridge" instantiated altera_avalon_st_bytes_to_packets "b2p"
Info: 2019.03.13.10:06:28 Info: p2b: "JTAG_to_FPGA_Bridge" instantiated altera_avalon_st_packets_to_bytes "p2b"
Info: 2019.03.13.10:06:28 Info: transacto: "JTAG_to_FPGA_Bridge" instantiated altera_avalon_packets_to_master "transacto"
Info: 2019.03.13.10:06:28 Info: b2p_adapter: "JTAG_to_FPGA_Bridge" instantiated channel_adapter "b2p_adapter"
Info: 2019.03.13.10:06:28 Info: p2b_adapter: "JTAG_to_FPGA_Bridge" instantiated channel_adapter "p2b_adapter"
Info: 2019.03.13.10:06:28 Info: sys_pll: Generating simgen model
Info: 2019.03.13.10:06:42 Info: sys_pll: Simgen was successful
Info: 2019.03.13.10:06:42 Info: sys_pll: "System_PLL" instantiated altera_pll "sys_pll"
Info: 2019.03.13.10:06:42 Info: reset_from_locked: "System_PLL" instantiated altera_up_avalon_reset_from_locked_signal "reset_from_locked"
Info: 2019.03.13.10:06:42 Info: VGA_Alpha_Blender: Starting Generation of the Alpha Blender
Info: 2019.03.13.10:06:42 Info: VGA_Alpha_Blender: "VGA_Subsystem" instantiated altera_up_avalon_video_alpha_blender "VGA_Alpha_Blender"
Info: 2019.03.13.10:06:42 Info: VGA_Char_Buffer: Starting Generation of Character Buffer
Info: 2019.03.13.10:06:42 Info: VGA_Char_Buffer: "VGA_Subsystem" instantiated altera_up_avalon_video_character_buffer_with_dma "VGA_Char_Buffer"
Info: 2019.03.13.10:06:42 Info: VGA_Controller: Starting Generation of VGA Controller
Info: 2019.03.13.10:06:42 Info: VGA_Controller: "VGA_Subsystem" instantiated altera_up_avalon_video_vga_controller "VGA_Controller"
Info: 2019.03.13.10:06:42 Info: VGA_Dual_Clock_FIFO: Starting Generation of the Dual Clock Buffer
Info: 2019.03.13.10:06:42 Info: VGA_Dual_Clock_FIFO: "VGA_Subsystem" instantiated altera_up_avalon_video_dual_clock_buffer "VGA_Dual_Clock_FIFO"
Info: 2019.03.13.10:06:43 Info: VGA_PLL: "VGA_Subsystem" instantiated altera_up_avalon_video_pll "VGA_PLL"
Info: 2019.03.13.10:06:43 Info: VGA_Pixel_DMA: Starting Generation of VGA Pixel Buffer
Info: 2019.03.13.10:06:43 Info: VGA_Pixel_DMA: "VGA_Subsystem" instantiated altera_up_avalon_video_pixel_buffer_dma "VGA_Pixel_DMA"
Info: 2019.03.13.10:06:43 Info: VGA_Pixel_FIFO: Starting Generation of the Dual Clock Buffer
Info: 2019.03.13.10:06:43 Info: VGA_Pixel_FIFO: "VGA_Subsystem" instantiated altera_up_avalon_video_dual_clock_buffer "VGA_Pixel_FIFO"
Info: 2019.03.13.10:06:43 Info: VGA_Pixel_RGB_Resampler: Starting Generation of Video RGB Resampler
Info: 2019.03.13.10:06:43 Info: VGA_Pixel_RGB_Resampler: "VGA_Subsystem" instantiated altera_up_avalon_video_rgb_resampler "VGA_Pixel_RGB_Resampler"
Info: 2019.03.13.10:06:44 Info: Edge_Detection_Subsystem: "Video_In_Subsystem" instantiated Edge_Detection_Subsystem "Edge_Detection_Subsystem"
Info: 2019.03.13.10:06:44 Info: Video_In: Starting Generation of Video In Decoder
Info: 2019.03.13.10:06:44 Info: Video_In: "Video_In_Subsystem" instantiated altera_up_avalon_video_decoder "Video_In"
Info: 2019.03.13.10:06:44 Info: Video_In_CSC: Starting Generation of Colour Space Converter
Info: 2019.03.13.10:06:44 Info: Video_In_CSC: "Video_In_Subsystem" instantiated altera_up_avalon_video_csc "Video_In_CSC"
Info: 2019.03.13.10:06:44 Info: Video_In_Chroma_Resampler: Starting Generation of Chroma Resampler
Info: 2019.03.13.10:06:44 Info: Video_In_Chroma_Resampler: "Video_In_Subsystem" instantiated altera_up_avalon_video_chroma_resampler "Video_In_Chroma_Resampler"
Info: 2019.03.13.10:06:44 Info: Video_In_Clipper: Starting generation of the video clipper
Info: 2019.03.13.10:06:44 Info: Video_In_Clipper: "Video_In_Subsystem" instantiated altera_up_avalon_video_clipper "Video_In_Clipper"
Info: 2019.03.13.10:06:44 Info: Video_In_DMA: Starting Generation of Video DMA Controller
Info: 2019.03.13.10:06:44 Info: Video_In_DMA: "Video_In_Subsystem" instantiated altera_up_avalon_video_dma_controller "Video_In_DMA"
Info: 2019.03.13.10:06:44 Info: Video_In_RGB_Resampler: Starting Generation of Video RGB Resampler
Info: 2019.03.13.10:06:44 Info: Video_In_RGB_Resampler: "Video_In_Subsystem" instantiated altera_up_avalon_video_rgb_resampler "Video_In_RGB_Resampler"
Info: 2019.03.13.10:06:44 Info: Video_In_Scaler: Starting Generation of Video Scaler
Info: 2019.03.13.10:06:44 Info: Video_In_Scaler: "Video_In_Subsystem" instantiated altera_up_avalon_video_scaler "Video_In_Scaler"
Info: 2019.03.13.10:06:44 Info: F2H_Mem_Window_00000000_expanded_master_translator: "mm_interconnect_0" instantiated altera_merlin_master_translator "F2H_Mem_Window_00000000_expanded_master_translator"
Info: 2019.03.13.10:06:44 Info: F2H_Mem_Window_00000000_expanded_master_agent: "mm_interconnect_0" instantiated altera_merlin_master_agent "F2H_Mem_Window_00000000_expanded_master_agent"
Info: 2019.03.13.10:06:44 Info: ARM_A9_HPS_f2h_axi_slave_agent: "mm_interconnect_0" instantiated altera_merlin_axi_slave_ni "ARM_A9_HPS_f2h_axi_slave_agent"
Info: 2019.03.13.10:06:44 Info: Reusing file C:/Users/fwang/Desktop/SoC Projects/cornellsources/DE1-SoC_640x480/DE1_SoC_Computer_chopped_1_restored/Computer_System/simulation/submodules
Info: 2019.03.13.10:06:44 Info: router: "mm_interconnect_0" instantiated altera_merlin_router "router"
Info: 2019.03.13.10:06:44 Info: router_004: "mm_interconnect_0" instantiated altera_merlin_router "router_004"
Info: 2019.03.13.10:06:44 Info: F2H_Mem_Window_00000000_expanded_master_limiter: "mm_interconnect_0" instantiated altera_merlin_traffic_limiter "F2H_Mem_Window_00000000_expanded_master_limiter"
Info: 2019.03.13.10:06:44 Info: Reusing file C:/Users/fwang/Desktop/SoC Projects/cornellsources/DE1-SoC_640x480/DE1_SoC_Computer_chopped_1_restored/Computer_System/simulation/submodules
Info: 2019.03.13.10:06:44 Info: Reusing file C:/Users/fwang/Desktop/SoC Projects/cornellsources/DE1-SoC_640x480/DE1_SoC_Computer_chopped_1_restored/Computer_System/simulation/submodules
Info: 2019.03.13.10:06:44 Info: cmd_demux: "mm_interconnect_0" instantiated altera_merlin_demultiplexer "cmd_demux"
Info: 2019.03.13.10:06:44 Info: cmd_mux: "mm_interconnect_0" instantiated altera_merlin_multiplexer "cmd_mux"
Info: 2019.03.13.10:06:44 Info: rsp_demux: "mm_interconnect_0" instantiated altera_merlin_demultiplexer "rsp_demux"
Info: 2019.03.13.10:06:44 Info: rsp_mux: "mm_interconnect_0" instantiated altera_merlin_multiplexer "rsp_mux"
Info: 2019.03.13.10:06:44 Info: Reusing file C:/Users/fwang/Desktop/SoC Projects/cornellsources/DE1-SoC_640x480/DE1_SoC_Computer_chopped_1_restored/Computer_System/simulation/submodules
Info: 2019.03.13.10:06:44 Info: ARM_A9_HPS_f2h_axi_slave_wr_cmd_width_adapter: "mm_interconnect_0" instantiated altera_merlin_width_adapter "ARM_A9_HPS_f2h_axi_slave_wr_cmd_width_adapter"
Info: 2019.03.13.10:06:44 Info: Reusing file C:/Users/fwang/Desktop/SoC Projects/cornellsources/DE1-SoC_640x480/DE1_SoC_Computer_chopped_1_restored/Computer_System/simulation/submodules
Info: 2019.03.13.10:06:44 Info: Reusing file C:/Users/fwang/Desktop/SoC Projects/cornellsources/DE1-SoC_640x480/DE1_SoC_Computer_chopped_1_restored/Computer_System/simulation/submodules
Info: 2019.03.13.10:06:44 Info: VGA_Subsystem_char_buffer_slave_translator: "mm_interconnect_1" instantiated altera_merlin_slave_translator "VGA_Subsystem_char_buffer_slave_translator"
Info: 2019.03.13.10:06:44 Info: ARM_A9_HPS_h2f_axi_master_agent: "mm_interconnect_1" instantiated altera_merlin_axi_master_ni "ARM_A9_HPS_h2f_axi_master_agent"
Info: 2019.03.13.10:06:44 Info: Reusing file C:/Users/fwang/Desktop/SoC Projects/cornellsources/DE1-SoC_640x480/DE1_SoC_Computer_chopped_1_restored/Computer_System/simulation/submodules
Info: 2019.03.13.10:06:44 Info: VGA_Subsystem_char_buffer_slave_agent: "mm_interconnect_1" instantiated altera_merlin_slave_agent "VGA_Subsystem_char_buffer_slave_agent"
Info: 2019.03.13.10:06:44 Info: Reusing file C:/Users/fwang/Desktop/SoC Projects/cornellsources/DE1-SoC_640x480/DE1_SoC_Computer_chopped_1_restored/Computer_System/simulation/submodules
Info: 2019.03.13.10:06:44 Info: router: "mm_interconnect_1" instantiated altera_merlin_router "router"
Info: 2019.03.13.10:06:44 Info: router_002: "mm_interconnect_1" instantiated altera_merlin_router "router_002"
Info: 2019.03.13.10:06:44 Info: router_003: "mm_interconnect_1" instantiated altera_merlin_router "router_003"
Info: 2019.03.13.10:06:44 Info: router_004: "mm_interconnect_1" instantiated altera_merlin_router "router_004"
Info: 2019.03.13.10:06:44 Info: router_006: "mm_interconnect_1" instantiated altera_merlin_router "router_006"
Info: 2019.03.13.10:06:44 Info: router_007: "mm_interconnect_1" instantiated altera_merlin_router "router_007"
Info: 2019.03.13.10:06:44 Info: router_008: "mm_interconnect_1" instantiated altera_merlin_router "router_008"
Info: 2019.03.13.10:06:44 Info: router_009: "mm_interconnect_1" instantiated altera_merlin_router "router_009"
Info: 2019.03.13.10:06:44 Info: router_010: "mm_interconnect_1" instantiated altera_merlin_router "router_010"
Info: 2019.03.13.10:06:44 Info: router_011: "mm_interconnect_1" instantiated altera_merlin_router "router_011"
Info: 2019.03.13.10:06:44 Info: router_012: "mm_interconnect_1" instantiated altera_merlin_router "router_012"
Info: 2019.03.13.10:06:44 Info: router_017: "mm_interconnect_1" instantiated altera_merlin_router "router_017"
Info: 2019.03.13.10:06:45 Info: router_023: "mm_interconnect_1" instantiated altera_merlin_router "router_023"
Info: 2019.03.13.10:06:45 Info: router_024: "mm_interconnect_1" instantiated altera_merlin_router "router_024"
Info: 2019.03.13.10:06:45 Info: router_027: "mm_interconnect_1" instantiated altera_merlin_router "router_027"
Info: 2019.03.13.10:06:45 Info: router_029: "mm_interconnect_1" instantiated altera_merlin_router "router_029"
Info: 2019.03.13.10:06:45 Info: VGA_Subsystem_char_buffer_slave_burst_adapter: "mm_interconnect_1" instantiated altera_merlin_burst_adapter "VGA_Subsystem_char_buffer_slave_burst_adapter"
Info: 2019.03.13.10:06:45 Info: Reusing file C:/Users/fwang/Desktop/SoC Projects/cornellsources/DE1-SoC_640x480/DE1_SoC_Computer_chopped_1_restored/Computer_System/simulation/submodules
Info: 2019.03.13.10:06:45 Info: Reusing file C:/Users/fwang/Desktop/SoC Projects/cornellsources/DE1-SoC_640x480/DE1_SoC_Computer_chopped_1_restored/Computer_System/simulation/submodules
Info: 2019.03.13.10:06:45 Info: Reusing file C:/Users/fwang/Desktop/SoC Projects/cornellsources/DE1-SoC_640x480/DE1_SoC_Computer_chopped_1_restored/Computer_System/simulation/submodules
Info: 2019.03.13.10:06:45 Info: cmd_demux: "mm_interconnect_1" instantiated altera_merlin_demultiplexer "cmd_demux"
Info: 2019.03.13.10:06:45 Info: cmd_demux_002: "mm_interconnect_1" instantiated altera_merlin_demultiplexer "cmd_demux_002"
Info: 2019.03.13.10:06:45 Info: cmd_demux_003: "mm_interconnect_1" instantiated altera_merlin_demultiplexer "cmd_demux_003"
Info: 2019.03.13.10:06:45 Info: cmd_demux_004: "mm_interconnect_1" instantiated altera_merlin_demultiplexer "cmd_demux_004"
Info: 2019.03.13.10:06:45 Info: cmd_demux_007: "mm_interconnect_1" instantiated altera_merlin_demultiplexer "cmd_demux_007"
Info: 2019.03.13.10:06:45 Info: cmd_demux_008: "mm_interconnect_1" instantiated altera_merlin_demultiplexer "cmd_demux_008"
Info: 2019.03.13.10:06:45 Info: cmd_mux: "mm_interconnect_1" instantiated altera_merlin_multiplexer "cmd_mux"
Info: 2019.03.13.10:06:45 Info: Reusing file C:/Users/fwang/Desktop/SoC Projects/cornellsources/DE1-SoC_640x480/DE1_SoC_Computer_chopped_1_restored/Computer_System/simulation/submodules
Info: 2019.03.13.10:06:45 Info: cmd_mux_001: "mm_interconnect_1" instantiated altera_merlin_multiplexer "cmd_mux_001"
Info: 2019.03.13.10:06:45 Info: Reusing file C:/Users/fwang/Desktop/SoC Projects/cornellsources/DE1-SoC_640x480/DE1_SoC_Computer_chopped_1_restored/Computer_System/simulation/submodules
Info: 2019.03.13.10:06:45 Info: cmd_mux_002: "mm_interconnect_1" instantiated altera_merlin_multiplexer "cmd_mux_002"
Info: 2019.03.13.10:06:45 Info: Reusing file C:/Users/fwang/Desktop/SoC Projects/cornellsources/DE1-SoC_640x480/DE1_SoC_Computer_chopped_1_restored/Computer_System/simulation/submodules
Info: 2019.03.13.10:06:45 Info: cmd_mux_003: "mm_interconnect_1" instantiated altera_merlin_multiplexer "cmd_mux_003"
Info: 2019.03.13.10:06:45 Info: Reusing file C:/Users/fwang/Desktop/SoC Projects/cornellsources/DE1-SoC_640x480/DE1_SoC_Computer_chopped_1_restored/Computer_System/simulation/submodules
Info: 2019.03.13.10:06:45 Info: cmd_mux_008: "mm_interconnect_1" instantiated altera_merlin_multiplexer "cmd_mux_008"
Info: 2019.03.13.10:06:45 Info: Reusing file C:/Users/fwang/Desktop/SoC Projects/cornellsources/DE1-SoC_640x480/DE1_SoC_Computer_chopped_1_restored/Computer_System/simulation/submodules
Info: 2019.03.13.10:06:45 Info: cmd_mux_015: "mm_interconnect_1" instantiated altera_merlin_multiplexer "cmd_mux_015"
Info: 2019.03.13.10:06:45 Info: Reusing file C:/Users/fwang/Desktop/SoC Projects/cornellsources/DE1-SoC_640x480/DE1_SoC_Computer_chopped_1_restored/Computer_System/simulation/submodules
Info: 2019.03.13.10:06:45 Info: rsp_demux: "mm_interconnect_1" instantiated altera_merlin_demultiplexer "rsp_demux"
Info: 2019.03.13.10:06:45 Info: rsp_demux_001: "mm_interconnect_1" instantiated altera_merlin_demultiplexer "rsp_demux_001"
Info: 2019.03.13.10:06:45 Info: rsp_demux_002: "mm_interconnect_1" instantiated altera_merlin_demultiplexer "rsp_demux_002"
Info: 2019.03.13.10:06:45 Info: rsp_demux_003: "mm_interconnect_1" instantiated altera_merlin_demultiplexer "rsp_demux_003"
Info: 2019.03.13.10:06:45 Info: rsp_demux_008: "mm_interconnect_1" instantiated altera_merlin_demultiplexer "rsp_demux_008"
Info: 2019.03.13.10:06:45 Info: rsp_mux: "mm_interconnect_1" instantiated altera_merlin_multiplexer "rsp_mux"
Info: 2019.03.13.10:06:45 Info: Reusing file C:/Users/fwang/Desktop/SoC Projects/cornellsources/DE1-SoC_640x480/DE1_SoC_Computer_chopped_1_restored/Computer_System/simulation/submodules
Info: 2019.03.13.10:06:45 Info: rsp_mux_002: "mm_interconnect_1" instantiated altera_merlin_multiplexer "rsp_mux_002"
Info: 2019.03.13.10:06:45 Info: Reusing file C:/Users/fwang/Desktop/SoC Projects/cornellsources/DE1-SoC_640x480/DE1_SoC_Computer_chopped_1_restored/Computer_System/simulation/submodules
Info: 2019.03.13.10:06:45 Info: rsp_mux_003: "mm_interconnect_1" instantiated altera_merlin_multiplexer "rsp_mux_003"
Info: 2019.03.13.10:06:45 Info: Reusing file C:/Users/fwang/Desktop/SoC Projects/cornellsources/DE1-SoC_640x480/DE1_SoC_Computer_chopped_1_restored/Computer_System/simulation/submodules
Info: 2019.03.13.10:06:45 Info: rsp_mux_004: "mm_interconnect_1" instantiated altera_merlin_multiplexer "rsp_mux_004"
Info: 2019.03.13.10:06:45 Info: Reusing file C:/Users/fwang/Desktop/SoC Projects/cornellsources/DE1-SoC_640x480/DE1_SoC_Computer_chopped_1_restored/Computer_System/simulation/submodules
Info: 2019.03.13.10:06:45 Info: rsp_mux_007: "mm_interconnect_1" instantiated altera_merlin_multiplexer "rsp_mux_007"
Info: 2019.03.13.10:06:45 Info: Reusing file C:/Users/fwang/Desktop/SoC Projects/cornellsources/DE1-SoC_640x480/DE1_SoC_Computer_chopped_1_restored/Computer_System/simulation/submodules
Info: 2019.03.13.10:06:45 Info: rsp_mux_008: "mm_interconnect_1" instantiated altera_merlin_multiplexer "rsp_mux_008"
Info: 2019.03.13.10:06:45 Info: Reusing file C:/Users/fwang/Desktop/SoC Projects/cornellsources/DE1-SoC_640x480/DE1_SoC_Computer_chopped_1_restored/Computer_System/simulation/submodules
Info: 2019.03.13.10:06:45 Info: avalon_st_adapter: "mm_interconnect_1" instantiated altera_avalon_st_adapter "avalon_st_adapter"
Info: 2019.03.13.10:06:45 Info: avalon_st_adapter_001: "mm_interconnect_1" instantiated altera_avalon_st_adapter "avalon_st_adapter_001"
Info: 2019.03.13.10:06:46 Info: avalon_st_adapter_002: "mm_interconnect_1" instantiated altera_avalon_st_adapter "avalon_st_adapter_002"
Info: 2019.03.13.10:06:46 Info: border: "hps_io" instantiated altera_interface_generator "border"
Info: 2019.03.13.10:06:46 Info: Reusing file C:/Users/fwang/Desktop/SoC Projects/cornellsources/DE1-SoC_640x480/DE1_SoC_Computer_chopped_1_restored/Computer_System/simulation/submodules
Info: 2019.03.13.10:06:46 Info: Reusing file C:/Users/fwang/Desktop/SoC Projects/cornellsources/DE1-SoC_640x480/DE1_SoC_Computer_chopped_1_restored/Computer_System/simulation/submodules
Info: 2019.03.13.10:06:46 Info: Reusing file C:/Users/fwang/Desktop/SoC Projects/cornellsources/DE1-SoC_640x480/DE1_SoC_Computer_chopped_1_restored/Computer_System/simulation/submodules
Info: 2019.03.13.10:06:46 Info: Reusing file C:/Users/fwang/Desktop/SoC Projects/cornellsources/DE1-SoC_640x480/DE1_SoC_Computer_chopped_1_restored/Computer_System/simulation/submodules
Info: 2019.03.13.10:06:46 Info: Reusing file C:/Users/fwang/Desktop/SoC Projects/cornellsources/DE1-SoC_640x480/DE1_SoC_Computer_chopped_1_restored/Computer_System/simulation/submodules
Info: 2019.03.13.10:06:46 Info: Reusing file C:/Users/fwang/Desktop/SoC Projects/cornellsources/DE1-SoC_640x480/DE1_SoC_Computer_chopped_1_restored/Computer_System/simulation/submodules
Info: 2019.03.13.10:06:46 Info: Reusing file C:/Users/fwang/Desktop/SoC Projects/cornellsources/DE1-SoC_640x480/DE1_SoC_Computer_chopped_1_restored/Computer_System/simulation/submodules
Info: 2019.03.13.10:06:46 Info: audio_pll: Generating simgen model
Info: 2019.03.13.10:07:00 Info: audio_pll: Simgen was successful
Info: 2019.03.13.10:07:00 Info: audio_pll: "Audio_PLL" instantiated altera_pll "audio_pll"
Info: 2019.03.13.10:07:00 Info: video_pll: Generating simgen model
Info: 2019.03.13.10:07:14 Info: video_pll: Simgen was successful
Info: 2019.03.13.10:07:14 Info: video_pll: "VGA_PLL" instantiated altera_pll "video_pll"
Info: 2019.03.13.10:07:14 Info: Chroma_Filter: Starting Generation of Chroma Resampler
Info: 2019.03.13.10:07:14 Info: Chroma_Filter: "Edge_Detection_Subsystem" instantiated altera_up_avalon_video_chroma_resampler "Chroma_Filter"
Info: 2019.03.13.10:07:14 Info: Chroma_Upsampler: Starting Generation of Chroma Resampler
Info: 2019.03.13.10:07:14 Info: Chroma_Upsampler: "Edge_Detection_Subsystem" instantiated altera_up_avalon_video_chroma_resampler "Chroma_Upsampler"
Info: 2019.03.13.10:07:14 Info: Edge_Detection: Starting Generation of Video In Edge Detection
Info: 2019.03.13.10:07:14 Info: Edge_Detection: "Edge_Detection_Subsystem" instantiated altera_up_avalon_video_edge_detection "Edge_Detection"
Info: 2019.03.13.10:07:15 Info: Edge_Detection_Router_Controller: Starting RTL generation for module 'Computer_System_Video_In_Subsystem_Edge_Detection_Subsystem_Edge_Detection_Router_Controller'
Info: 2019.03.13.10:07:15 Info: Edge_Detection_Router_Controller:   Generation command is [exec C:/intelfpga/18.1/quartus/bin64/perl/bin/perl.exe -I C:/intelfpga/18.1/quartus/bin64/perl/lib -I C:/intelfpga/18.1/quartus/sopc_builder/bin/europa -I C:/intelfpga/18.1/quartus/sopc_builder/bin/perl_lib -I C:/intelfpga/18.1/quartus/sopc_builder/bin -I C:/intelfpga/18.1/quartus/../ip/altera/sopc_builder_ip/common -I C:/intelfpga/18.1/quartus/../ip/altera/sopc_builder_ip/altera_avalon_pio -- C:/intelfpga/18.1/quartus/../ip/altera/sopc_builder_ip/altera_avalon_pio/generate_rtl.pl --name=Computer_System_Video_In_Subsystem_Edge_Detection_Subsystem_Edge_Detection_Router_Controller --dir=C:/Users/fwang/AppData/Local/Temp/alt7968_8632710728449444245.dir/0104_Edge_Detection_Router_Controller_gen/ --quartus_dir=C:/intelfpga/18.1/quartus --verilog --config=C:/Users/fwang/AppData/Local/Temp/alt7968_8632710728449444245.dir/0104_Edge_Detection_Router_Controller_gen//Computer_System_Video_In_Subsystem_Edge_Detection_Subsystem_Edge_Detection_Router_Controller_component_configuration.pl  --do_build_sim=1    --sim_dir=C:/Users/fwang/AppData/Local/Temp/alt7968_8632710728449444245.dir/0104_Edge_Detection_Router_Controller_gen
Info: 2019.03.13.10:07:15 Info: Edge_Detection_Router_Controller: Done RTL generation for module 'Computer_System_Video_In_Subsystem_Edge_Detection_Subsystem_Edge_Detection_Router_Controller'
Info: 2019.03.13.10:07:15 Info: Edge_Detection_Router_Controller: "Edge_Detection_Subsystem" instantiated altera_avalon_pio "Edge_Detection_Router_Controller"
Info: 2019.03.13.10:07:15 Info: Video_Stream_Merger: Starting Generation of Video In Stream Router
Info: 2019.03.13.10:07:15 Info: Video_Stream_Merger: "Edge_Detection_Subsystem" instantiated altera_up_avalon_video_stream_router "Video_Stream_Merger"
Info: 2019.03.13.10:07:15 Info: Video_Stream_Splitter: Starting Generation of Video In Stream Router
Info: 2019.03.13.10:07:15 Info: Video_Stream_Splitter: "Edge_Detection_Subsystem" instantiated altera_up_avalon_video_stream_router "Video_Stream_Splitter"
Info: 2019.03.13.10:07:15 Info: error_adapter_0: "avalon_st_adapter" instantiated error_adapter "error_adapter_0"
Info: 2019.03.13.10:07:15 Info: error_adapter_0: "avalon_st_adapter_001" instantiated error_adapter "error_adapter_0"
Info: 2019.03.13.10:07:15 Info: error_adapter_0: "avalon_st_adapter_002" instantiated error_adapter "error_adapter_0"
Info: 2019.03.13.10:07:15 Info: Computer_System: Done "Computer_System" with 122 modules, 207 files
Info: 2019.03.13.10:07:15 Info: qsys-generate succeeded.
Info: 2019.03.13.10:07:15 Info: Finished: Create simulation model
Info: 2019.03.13.10:07:15 Info: Starting: Create Modelsim Project.
Info: 2019.03.13.10:07:15 Info: Doing: ip-make-simscript --spd=C:\Users\fwang\Desktop\SoC Projects\cornellsources\DE1-SoC_640x480\DE1_SoC_Computer_chopped_1_restored\Computer_System\Computer_System.spd --output-directory=C:/Users/fwang/Desktop/SoC Projects/cornellsources/DE1-SoC_640x480/DE1_SoC_Computer_chopped_1_restored/Computer_System/simulation
Info: 2019.03.13.10:07:16 Info: Generating the following file(s) for MODELSIM simulator in C:/Users/fwang/Desktop/SoC Projects/cornellsources/DE1-SoC_640x480/DE1_SoC_Computer_chopped_1_restored/Computer_System/simulation
Info: 2019.03.13.10:07:16 Info:     mentor
Info: 2019.03.13.10:07:16 Info: Generating the following file(s) for VCS simulator in C:/Users/fwang/Desktop/SoC Projects/cornellsources/DE1-SoC_640x480/DE1_SoC_Computer_chopped_1_restored/Computer_System/simulation
Info: 2019.03.13.10:07:16 Info:     synopsys/vcs
Info: 2019.03.13.10:07:16 Info: Generating the following file(s) for VCSMX simulator in C:/Users/fwang/Desktop/SoC Projects/cornellsources/DE1-SoC_640x480/DE1_SoC_Computer_chopped_1_restored/Computer_System/simulation
Info: 2019.03.13.10:07:16 Info:     synopsys/vcsmx
Info: 2019.03.13.10:07:16 Info:     synopsys/vcsmx
Info: 2019.03.13.10:07:16 Info: Generating the following file(s) for NCSIM simulator in C:/Users/fwang/Desktop/SoC Projects/cornellsources/DE1-SoC_640x480/DE1_SoC_Computer_chopped_1_restored/Computer_System/simulation
Info: 2019.03.13.10:07:16 Info:     cadence
Info: 2019.03.13.10:07:17 Info:     cadence
Info: 2019.03.13.10:07:17 Info:     cadence
Info: 2019.03.13.10:07:17 Info:     114 .cds.lib files in cadence/cds_libs
Info: 2019.03.13.10:07:17 Info: Generating the following file(s) for RIVIERA simulator in C:/Users/fwang/Desktop/SoC Projects/cornellsources/DE1-SoC_640x480/DE1_SoC_Computer_chopped_1_restored/Computer_System/simulation
Info: 2019.03.13.10:07:17 Info:     aldec
Info: 2019.03.13.10:07:17 Info: For information on how to simulate your IP, see the explanatory comments in the simulator-specific subdirectories under C:/Users/fwang/Desktop/SoC Projects/cornellsources/DE1-SoC_640x480/DE1_SoC_Computer_chopped_1_restored/Computer_System/simulation
Info: 2019.03.13.10:07:17 Info: Regenerate these scripts whenever you make any change to any Quartus-generated IP in your project.
Info: 2019.03.13.10:07:17 Info: Finished: Create Modelsim Project.
Info: 2019.03.13.10:07:17 Info: Starting: Create block symbol file (.bsf)
Info: 2019.03.13.10:07:17 Info: qsys-generate "C:\Users\fwang\Desktop\SoC Projects\cornellsources\DE1-SoC_640x480\DE1_SoC_Computer_chopped_1_restored\Computer_System.qsys" --block-symbol-file --output-directory="C:\Users\fwang\Desktop\SoC Projects\cornellsources\DE1-SoC_640x480\DE1_SoC_Computer_chopped_1_restored\Computer_System" --family="Cyclone V" --part=5CSEMA5F31C6
Info: 2019.03.13.10:07:17 Info: Loading DE1_SoC_Computer_chopped_1_restored
Info: 2019.03.13.10:07:17 Info: Reading input file
Info: 2019.03.13.10:07:17 Info: Adding ADC [altera_up_avalon_adc 18.0]
Info: 2019.03.13.10:07:17 Info: Parameterizing module ADC
Info: 2019.03.13.10:07:17 Info: Adding ARM_A9_HPS [altera_hps 18.1]
Info: 2019.03.13.10:07:17 Info: Parameterizing module ARM_A9_HPS
Info: 2019.03.13.10:07:17 Info: Adding AV_Config [altera_up_avalon_audio_and_video_config 18.0]
Info: 2019.03.13.10:07:17 Info: Parameterizing module AV_Config
Info: 2019.03.13.10:07:17 Info: Adding Audio_Subsystem [Audio_Subsystem 1.0]
Info: 2019.03.13.10:07:17 Info: Parameterizing module Audio_Subsystem
Info: 2019.03.13.10:07:17 Info: Adding F2H_Mem_Window_00000000 [altera_address_span_extender 18.1]
Info: 2019.03.13.10:07:17 Info: Parameterizing module F2H_Mem_Window_00000000
Info: 2019.03.13.10:07:17 Info: Adding F2H_Mem_Window_FF600000 [altera_address_span_extender 18.1]
Info: 2019.03.13.10:07:17 Info: Parameterizing module F2H_Mem_Window_FF600000
Info: 2019.03.13.10:07:17 Info: Adding F2H_Mem_Window_FF800000 [altera_address_span_extender 18.1]
Info: 2019.03.13.10:07:17 Info: Parameterizing module F2H_Mem_Window_FF800000
Info: 2019.03.13.10:07:17 Info: Adding HEX3_HEX0 [altera_avalon_pio 18.1]
Info: 2019.03.13.10:07:17 Info: Parameterizing module HEX3_HEX0
Info: 2019.03.13.10:07:17 Info: Adding HEX5_HEX4 [altera_avalon_pio 18.1]
Info: 2019.03.13.10:07:17 Info: Parameterizing module HEX5_HEX4
Info: 2019.03.13.10:07:17 Info: Adding JTAG_to_FPGA_Bridge [altera_jtag_avalon_master 18.1]
Info: 2019.03.13.10:07:17 Info: Parameterizing module JTAG_to_FPGA_Bridge
Info: 2019.03.13.10:07:17 Info: Adding JTAG_to_HPS_Bridge [altera_jtag_avalon_master 18.1]
Info: 2019.03.13.10:07:17 Info: Parameterizing module JTAG_to_HPS_Bridge
Info: 2019.03.13.10:07:17 Info: Adding LEDs [altera_avalon_pio 18.1]
Info: 2019.03.13.10:07:17 Info: Parameterizing module LEDs
Info: 2019.03.13.10:07:17 Info: Adding Onchip_SRAM [altera_avalon_onchip_memory2 18.1]
Info: 2019.03.13.10:07:17 Info: Parameterizing module Onchip_SRAM
Info: 2019.03.13.10:07:17 Info: Adding Pixel_DMA_Addr_Translation [altera_up_avalon_video_dma_ctrl_addr_trans 18.0]
Info: 2019.03.13.10:07:17 Info: Parameterizing module Pixel_DMA_Addr_Translation
Info: 2019.03.13.10:07:17 Info: Adding Pushbuttons [altera_avalon_pio 18.1]
Info: 2019.03.13.10:07:17 Info: Parameterizing module Pushbuttons
Info: 2019.03.13.10:07:17 Info: Adding SDRAM [altera_avalon_new_sdram_controller 18.1]
Info: 2019.03.13.10:07:17 Info: Parameterizing module SDRAM
Info: 2019.03.13.10:07:17 Info: Adding Slider_Switches [altera_avalon_pio 18.1]
Info: 2019.03.13.10:07:17 Info: Parameterizing module Slider_Switches
Info: 2019.03.13.10:07:17 Info: Adding System_PLL [altera_up_avalon_sys_sdram_pll 18.0]
Info: 2019.03.13.10:07:17 Info: Parameterizing module System_PLL
Info: 2019.03.13.10:07:17 Info: Adding VGA_Subsystem [VGA_Subsystem 1.0]
Info: 2019.03.13.10:07:18 Info: Parameterizing module VGA_Subsystem
Info: 2019.03.13.10:07:18 Info: Adding Video_In_DMA_Addr_Translation [altera_up_avalon_video_dma_ctrl_addr_trans 18.0]
Info: 2019.03.13.10:07:18 Info: Parameterizing module Video_In_DMA_Addr_Translation
Info: 2019.03.13.10:07:18 Info: Adding Video_In_Subsystem [Video_In_Subsystem 1.0]
Info: 2019.03.13.10:07:18 Info: Parameterizing module Video_In_Subsystem
Info: 2019.03.13.10:07:18 Info: Building connections
Info: 2019.03.13.10:07:18 Info: Parameterizing connections
Info: 2019.03.13.10:07:18 Info: Validating
Info: 2019.03.13.10:07:25 Info: Done reading input file
Info: 2019.03.13.10:07:29 Info: Computer_System.ARM_A9_HPS: HPS Main PLL counter settings: n = 0  m = 73
Info: 2019.03.13.10:07:29 Info: Computer_System.ARM_A9_HPS: HPS peripherial PLL counter settings: n = 0  m = 39
Warning: 2019.03.13.10:07:29 Warning: Computer_System.ARM_A9_HPS: "QSPI clock frequency" (desired_qspi_clk_mhz) requested 400.0 MHz, but only achieved 370.0 MHz
Warning: 2019.03.13.10:07:29 Warning: Computer_System.ARM_A9_HPS: 1 or more output clock frequencies cannot be achieved precisely, consider revising desired output clock frequencies.
Warning: 2019.03.13.10:07:29 Warning: Computer_System.Pixel_DMA_Addr_Translation.master: Master needs a minimum address width of 3 bits (has 2)
Info: 2019.03.13.10:07:29 Info: Computer_System.SDRAM: SDRAM Controller will only be supported in Quartus Prime Standard Edition in the future release.
Info: 2019.03.13.10:07:29 Info: Computer_System.System_PLL: Refclk Freq: 50.0
Info: 2019.03.13.10:07:29 Info: Computer_System.VGA_Subsystem.VGA_Char_Buffer: Character Resolution: 80 x 60
Info: 2019.03.13.10:07:29 Info: Computer_System.VGA_Subsystem.VGA_Controller: Video Output Stream: Format: 640 x 480 with Color: 10 (bits) x 3 (planes) converted to 8 (bits) per color plane
Info: 2019.03.13.10:07:29 Info: Computer_System.VGA_Subsystem.VGA_Pixel_RGB_Resampler: RGB Resampling: 8 (bits) x 1 (planes) -> 10 (bits) x 3 (planes)
Warning: 2019.03.13.10:07:29 Warning: Computer_System.VGA_Subsystem.VGA_Pixel_RGB_Resampler: VGA_Pixel_RGB_Resampler.avalon_rgb_slave must be connected to an Avalon-MM master
Warning: 2019.03.13.10:07:29 Warning: Computer_System.Video_In_DMA_Addr_Translation.master: Master needs a minimum address width of 3 bits (has 2)
Info: 2019.03.13.10:07:29 Info: Computer_System.Video_In_Subsystem.Edge_Detection_Subsystem.Chroma_Filter: Chroma Resampling: 8 (bits) x 3 (planes) -> 8 (bits) x 1 (planes)
Info: 2019.03.13.10:07:29 Info: Computer_System.Video_In_Subsystem.Edge_Detection_Subsystem.Chroma_Upsampler: Chroma Resampling: 8 (bits) x 1 (planes) -> 8 (bits) x 3 (planes)
Info: 2019.03.13.10:07:29 Info: Computer_System.Video_In_Subsystem.Video_In: Video In Stream: Format: 720 x 244 (Odd Frames) or 720 x 243 (Even Frames) with Colour: 8 (bits) x 2 (planes) (YCrCb 4:2:2)
Info: 2019.03.13.10:07:29 Info: Computer_System.Video_In_Subsystem.Video_In_CSC: Colour Space Conversion: 8 (bits) x 3 (planes) (444 YCrCb) -> 8 (bits) x 3 (planes) (24-bit RGB)
Info: 2019.03.13.10:07:29 Info: Computer_System.Video_In_Subsystem.Video_In_Chroma_Resampler: Chroma Resampling: 8 (bits) x 2 (planes) -> 8 (bits) x 3 (planes)
Info: 2019.03.13.10:07:29 Info: Computer_System.Video_In_Subsystem.Video_In_Clipper: Change in Resolution: 720 x 244 -> 640 x 240
Info: 2019.03.13.10:07:29 Info: Computer_System.Video_In_Subsystem.Video_In_RGB_Resampler: RGB Resampling: 8 (bits) x 3 (planes) -> 16 (bits) x 1 (planes)
Info: 2019.03.13.10:07:29 Info: Computer_System.Video_In_Subsystem.Video_In_Scaler: Change in Resolution: 640 x 240 -> 320 x 240
Warning: 2019.03.13.10:07:29 Warning: Computer_System.Video_In_Subsystem.Video_In_RGB_Resampler: Video_In_RGB_Resampler.avalon_rgb_slave must be connected to an Avalon-MM master
Info: 2019.03.13.10:07:29 Info: qsys-generate succeeded.
Info: 2019.03.13.10:07:29 Info: Finished: Create block symbol file (.bsf)
Info: 2019.03.13.10:07:29 Info:
Info: 2019.03.13.10:07:29 Info: Starting: Create HDL design files for synthesis
Info: 2019.03.13.10:07:29 Info: qsys-generate "C:\Users\fwang\Desktop\SoC Projects\cornellsources\DE1-SoC_640x480\DE1_SoC_Computer_chopped_1_restored\Computer_System.qsys" --synthesis=VERILOG --output-directory="C:\Users\fwang\Desktop\SoC Projects\cornellsources\DE1-SoC_640x480\DE1_SoC_Computer_chopped_1_restored\Computer_System\synthesis" --family="Cyclone V" --part=5CSEMA5F31C6
Info: 2019.03.13.10:07:29 Info: Loading DE1_SoC_Computer_chopped_1_restored
Info: 2019.03.13.10:07:29 Info: Reading input file
Info: 2019.03.13.10:07:29 Info: Adding ADC [altera_up_avalon_adc 18.0]
Info: 2019.03.13.10:07:29 Info: Parameterizing module ADC
Info: 2019.03.13.10:07:29 Info: Adding ARM_A9_HPS [altera_hps 18.1]
Info: 2019.03.13.10:07:29 Info: Parameterizing module ARM_A9_HPS
Info: 2019.03.13.10:07:29 Info: Adding AV_Config [altera_up_avalon_audio_and_video_config 18.0]
Info: 2019.03.13.10:07:29 Info: Parameterizing module AV_Config
Info: 2019.03.13.10:07:29 Info: Adding Audio_Subsystem [Audio_Subsystem 1.0]
Info: 2019.03.13.10:07:30 Info: Parameterizing module Audio_Subsystem
Info: 2019.03.13.10:07:30 Info: Adding F2H_Mem_Window_00000000 [altera_address_span_extender 18.1]
Info: 2019.03.13.10:07:30 Info: Parameterizing module F2H_Mem_Window_00000000
Info: 2019.03.13.10:07:30 Info: Adding F2H_Mem_Window_FF600000 [altera_address_span_extender 18.1]
Info: 2019.03.13.10:07:30 Info: Parameterizing module F2H_Mem_Window_FF600000
Info: 2019.03.13.10:07:30 Info: Adding F2H_Mem_Window_FF800000 [altera_address_span_extender 18.1]
Info: 2019.03.13.10:07:30 Info: Parameterizing module F2H_Mem_Window_FF800000
Info: 2019.03.13.10:07:30 Info: Adding HEX3_HEX0 [altera_avalon_pio 18.1]
Info: 2019.03.13.10:07:30 Info: Parameterizing module HEX3_HEX0
Info: 2019.03.13.10:07:30 Info: Adding HEX5_HEX4 [altera_avalon_pio 18.1]
Info: 2019.03.13.10:07:30 Info: Parameterizing module HEX5_HEX4
Info: 2019.03.13.10:07:30 Info: Adding JTAG_to_FPGA_Bridge [altera_jtag_avalon_master 18.1]
Info: 2019.03.13.10:07:30 Info: Parameterizing module JTAG_to_FPGA_Bridge
Info: 2019.03.13.10:07:30 Info: Adding JTAG_to_HPS_Bridge [altera_jtag_avalon_master 18.1]
Info: 2019.03.13.10:07:30 Info: Parameterizing module JTAG_to_HPS_Bridge
Info: 2019.03.13.10:07:30 Info: Adding LEDs [altera_avalon_pio 18.1]
Info: 2019.03.13.10:07:30 Info: Parameterizing module LEDs
Info: 2019.03.13.10:07:30 Info: Adding Onchip_SRAM [altera_avalon_onchip_memory2 18.1]
Info: 2019.03.13.10:07:30 Info: Parameterizing module Onchip_SRAM
Info: 2019.03.13.10:07:30 Info: Adding Pixel_DMA_Addr_Translation [altera_up_avalon_video_dma_ctrl_addr_trans 18.0]
Info: 2019.03.13.10:07:30 Info: Parameterizing module Pixel_DMA_Addr_Translation
Info: 2019.03.13.10:07:30 Info: Adding Pushbuttons [altera_avalon_pio 18.1]
Info: 2019.03.13.10:07:30 Info: Parameterizing module Pushbuttons
Info: 2019.03.13.10:07:30 Info: Adding SDRAM [altera_avalon_new_sdram_controller 18.1]
Info: 2019.03.13.10:07:30 Info: Parameterizing module SDRAM
Info: 2019.03.13.10:07:30 Info: Adding Slider_Switches [altera_avalon_pio 18.1]
Info: 2019.03.13.10:07:30 Info: Parameterizing module Slider_Switches
Info: 2019.03.13.10:07:30 Info: Adding System_PLL [altera_up_avalon_sys_sdram_pll 18.0]
Info: 2019.03.13.10:07:30 Info: Parameterizing module System_PLL
Info: 2019.03.13.10:07:30 Info: Adding VGA_Subsystem [VGA_Subsystem 1.0]
Info: 2019.03.13.10:07:30 Info: Parameterizing module VGA_Subsystem
Info: 2019.03.13.10:07:30 Info: Adding Video_In_DMA_Addr_Translation [altera_up_avalon_video_dma_ctrl_addr_trans 18.0]
Info: 2019.03.13.10:07:30 Info: Parameterizing module Video_In_DMA_Addr_Translation
Info: 2019.03.13.10:07:30 Info: Adding Video_In_Subsystem [Video_In_Subsystem 1.0]
Info: 2019.03.13.10:07:30 Info: Parameterizing module Video_In_Subsystem
Info: 2019.03.13.10:07:30 Info: Building connections
Info: 2019.03.13.10:07:30 Info: Parameterizing connections
Info: 2019.03.13.10:07:30 Info: Validating
Info: 2019.03.13.10:07:36 Info: Done reading input file
Info: 2019.03.13.10:07:40 Info: Computer_System.ARM_A9_HPS: HPS Main PLL counter settings: n = 0  m = 73
Info: 2019.03.13.10:07:40 Info: Computer_System.ARM_A9_HPS: HPS peripherial PLL counter settings: n = 0  m = 39
Warning: 2019.03.13.10:07:40 Warning: Computer_System.ARM_A9_HPS: "QSPI clock frequency" (desired_qspi_clk_mhz) requested 400.0 MHz, but only achieved 370.0 MHz
Warning: 2019.03.13.10:07:40 Warning: Computer_System.ARM_A9_HPS: 1 or more output clock frequencies cannot be achieved precisely, consider revising desired output clock frequencies.
Warning: 2019.03.13.10:07:40 Warning: Computer_System.Pixel_DMA_Addr_Translation.master: Master needs a minimum address width of 3 bits (has 2)
Info: 2019.03.13.10:07:40 Info: Computer_System.SDRAM: SDRAM Controller will only be supported in Quartus Prime Standard Edition in the future release.
Info: 2019.03.13.10:07:40 Info: Computer_System.System_PLL: Refclk Freq: 50.0
Info: 2019.03.13.10:07:40 Info: Computer_System.VGA_Subsystem.VGA_Char_Buffer: Character Resolution: 80 x 60
Info: 2019.03.13.10:07:40 Info: Computer_System.VGA_Subsystem.VGA_Controller: Video Output Stream: Format: 640 x 480 with Color: 10 (bits) x 3 (planes) converted to 8 (bits) per color plane
Info: 2019.03.13.10:07:40 Info: Computer_System.VGA_Subsystem.VGA_Pixel_RGB_Resampler: RGB Resampling: 8 (bits) x 1 (planes) -> 10 (bits) x 3 (planes)
Warning: 2019.03.13.10:07:40 Warning: Computer_System.VGA_Subsystem.VGA_Pixel_RGB_Resampler: VGA_Pixel_RGB_Resampler.avalon_rgb_slave must be connected to an Avalon-MM master
Warning: 2019.03.13.10:07:40 Warning: Computer_System.Video_In_DMA_Addr_Translation.master: Master needs a minimum address width of 3 bits (has 2)
Info: 2019.03.13.10:07:40 Info: Computer_System.Video_In_Subsystem.Edge_Detection_Subsystem.Chroma_Filter: Chroma Resampling: 8 (bits) x 3 (planes) -> 8 (bits) x 1 (planes)
Info: 2019.03.13.10:07:40 Info: Computer_System.Video_In_Subsystem.Edge_Detection_Subsystem.Chroma_Upsampler: Chroma Resampling: 8 (bits) x 1 (planes) -> 8 (bits) x 3 (planes)
Info: 2019.03.13.10:07:40 Info: Computer_System.Video_In_Subsystem.Video_In: Video In Stream: Format: 720 x 244 (Odd Frames) or 720 x 243 (Even Frames) with Colour: 8 (bits) x 2 (planes) (YCrCb 4:2:2)
Info: 2019.03.13.10:07:40 Info: Computer_System.Video_In_Subsystem.Video_In_CSC: Colour Space Conversion: 8 (bits) x 3 (planes) (444 YCrCb) -> 8 (bits) x 3 (planes) (24-bit RGB)
Info: 2019.03.13.10:07:40 Info: Computer_System.Video_In_Subsystem.Video_In_Chroma_Resampler: Chroma Resampling: 8 (bits) x 2 (planes) -> 8 (bits) x 3 (planes)
Info: 2019.03.13.10:07:40 Info: Computer_System.Video_In_Subsystem.Video_In_Clipper: Change in Resolution: 720 x 244 -> 640 x 240
Info: 2019.03.13.10:07:40 Info: Computer_System.Video_In_Subsystem.Video_In_RGB_Resampler: RGB Resampling: 8 (bits) x 3 (planes) -> 16 (bits) x 1 (planes)
Info: 2019.03.13.10:07:40 Info: Computer_System.Video_In_Subsystem.Video_In_Scaler: Change in Resolution: 640 x 240 -> 320 x 240
Warning: 2019.03.13.10:07:40 Warning: Computer_System.Video_In_Subsystem.Video_In_RGB_Resampler: Video_In_RGB_Resampler.avalon_rgb_slave must be connected to an Avalon-MM master
Info: 2019.03.13.10:07:43 Info: Computer_System: Generating Computer_System "Computer_System" for QUARTUS_SYNTH
Warning: 2019.03.13.10:07:50 Warning: ARM_A9_HPS.f2h_irq0: Cannot connect clock for irq_mapper.sender
Warning: 2019.03.13.10:07:50 Warning: ARM_A9_HPS.f2h_irq0: Cannot connect reset for irq_mapper.sender
Warning: 2019.03.13.10:07:50 Warning: ARM_A9_HPS.f2h_irq1: Cannot connect clock for irq_mapper_001.sender
Warning: 2019.03.13.10:07:50 Warning: ARM_A9_HPS.f2h_irq1: Cannot connect reset for irq_mapper_001.sender
Info: 2019.03.13.10:07:58 Info: ADC: Starting Generation of ADC Controller for DE-series Board
Info: 2019.03.13.10:07:58 Info: ADC: C:/intelfpga/18.1/ip/altera/university_program/input_output/altera_up_avalon_adc/hdl/altera_up_avalon_adv_adc.v C:/Users/fwang/AppData/Local/Temp/alt7968_8632710728449444245.dir/0111_sopcgen
Info: 2019.03.13.10:08:00 Info: ADC: "Computer_System" instantiated altera_up_avalon_adc "ADC"
Info: 2019.03.13.10:08:00 Info: ARM_A9_HPS: "Running  for module: ARM_A9_HPS"
Info: 2019.03.13.10:08:00 Info: ARM_A9_HPS: HPS Main PLL counter settings: n = 0  m = 73
Info: 2019.03.13.10:08:01 Info: ARM_A9_HPS: HPS peripherial PLL counter settings: n = 0  m = 39
Warning: 2019.03.13.10:08:01 Warning: ARM_A9_HPS: "QSPI clock frequency" (desired_qspi_clk_mhz) requested 400.0 MHz, but only achieved 370.0 MHz
Warning: 2019.03.13.10:08:01 Warning: ARM_A9_HPS: 1 or more output clock frequencies cannot be achieved precisely, consider revising desired output clock frequencies.
Info: 2019.03.13.10:08:02 Info: ARM_A9_HPS: "Computer_System" instantiated altera_hps "ARM_A9_HPS"
Info: 2019.03.13.10:08:02 Info: AV_Config: Starting Generation of Audio and Video Config
Info: 2019.03.13.10:08:02 Info: AV_Config: "Computer_System" instantiated altera_up_avalon_audio_and_video_config "AV_Config"
Info: 2019.03.13.10:08:03 Info: Audio_Subsystem: "Computer_System" instantiated Audio_Subsystem "Audio_Subsystem"
Info: 2019.03.13.10:08:03 Info: F2H_Mem_Window_00000000: "Computer_System" instantiated altera_address_span_extender "F2H_Mem_Window_00000000"
Info: 2019.03.13.10:08:03 Info: HEX3_HEX0: Starting RTL generation for module 'Computer_System_HEX3_HEX0'
Info: 2019.03.13.10:08:03 Info: HEX3_HEX0:   Generation command is [exec C:/intelfpga/18.1/quartus/bin64/perl/bin/perl.exe -I C:/intelfpga/18.1/quartus/bin64/perl/lib -I C:/intelfpga/18.1/quartus/sopc_builder/bin/europa -I C:/intelfpga/18.1/quartus/sopc_builder/bin/perl_lib -I C:/intelfpga/18.1/quartus/sopc_builder/bin -I C:/intelfpga/18.1/quartus/../ip/altera/sopc_builder_ip/common -I C:/intelfpga/18.1/quartus/../ip/altera/sopc_builder_ip/altera_avalon_pio -- C:/intelfpga/18.1/quartus/../ip/altera/sopc_builder_ip/altera_avalon_pio/generate_rtl.pl --name=Computer_System_HEX3_HEX0 --dir=C:/Users/fwang/AppData/Local/Temp/alt7968_8632710728449444245.dir/0116_HEX3_HEX0_gen/ --quartus_dir=C:/intelfpga/18.1/quartus --verilog --config=C:/Users/fwang/AppData/Local/Temp/alt7968_8632710728449444245.dir/0116_HEX3_HEX0_gen/
Info: 2019.03.13.10:08:03 Info: HEX3_HEX0: Done RTL generation for module 'Computer_System_HEX3_HEX0'
Info: 2019.03.13.10:08:03 Info: HEX3_HEX0: "Computer_System" instantiated altera_avalon_pio "HEX3_HEX0"
Info: 2019.03.13.10:08:03 Info: HEX5_HEX4: Starting RTL generation for module 'Computer_System_HEX5_HEX4'
Info: 2019.03.13.10:08:03 Info: HEX5_HEX4:   Generation command is [exec C:/intelfpga/18.1/quartus/bin64/perl/bin/perl.exe -I C:/intelfpga/18.1/quartus/bin64/perl/lib -I C:/intelfpga/18.1/quartus/sopc_builder/bin/europa -I C:/intelfpga/18.1/quartus/sopc_builder/bin/perl_lib -I C:/intelfpga/18.1/quartus/sopc_builder/bin -I C:/intelfpga/18.1/quartus/../ip/altera/sopc_builder_ip/common -I C:/intelfpga/18.1/quartus/../ip/altera/sopc_builder_ip/altera_avalon_pio -- C:/intelfpga/18.1/quartus/../ip/altera/sopc_builder_ip/altera_avalon_pio/generate_rtl.pl --name=Computer_System_HEX5_HEX4 --dir=C:/Users/fwang/AppData/Local/Temp/alt7968_8632710728449444245.dir/0117_HEX5_HEX4_gen/ --quartus_dir=C:/intelfpga/18.1/quartus --verilog --config=C:/Users/fwang/AppData/Local/Temp/alt7968_8632710728449444245.dir/0117_HEX5_HEX4_gen/
Info: 2019.03.13.10:08:03 Info: HEX5_HEX4: Done RTL generation for module 'Computer_System_HEX5_HEX4'
Info: 2019.03.13.10:08:03 Info: HEX5_HEX4: "Computer_System" instantiated altera_avalon_pio "HEX5_HEX4"
Info: 2019.03.13.10:08:04 Info: JTAG_to_FPGA_Bridge: "Computer_System" instantiated altera_jtag_avalon_master "JTAG_to_FPGA_Bridge"
Info: 2019.03.13.10:08:04 Info: LEDs: Starting RTL generation for module 'Computer_System_LEDs'
Info: 2019.03.13.10:08:04 Info: LEDs:   Generation command is [exec C:/intelfpga/18.1/quartus/bin64/perl/bin/perl.exe -I C:/intelfpga/18.1/quartus/bin64/perl/lib -I C:/intelfpga/18.1/quartus/sopc_builder/bin/europa -I C:/intelfpga/18.1/quartus/sopc_builder/bin/perl_lib -I C:/intelfpga/18.1/quartus/sopc_builder/bin -I C:/intelfpga/18.1/quartus/../ip/altera/sopc_builder_ip/common -I C:/intelfpga/18.1/quartus/../ip/altera/sopc_builder_ip/altera_avalon_pio -- C:/intelfpga/18.1/quartus/../ip/altera/sopc_builder_ip/altera_avalon_pio/generate_rtl.pl --name=Computer_System_LEDs --dir=C:/Users/fwang/AppData/Local/Temp/alt7968_8632710728449444245.dir/0118_LEDs_gen/ --quartus_dir=C:/intelfpga/18.1/quartus --verilog --config=C:/Users/fwang/AppData/Local/Temp/alt7968_8632710728449444245.dir/0118_LEDs_gen/
Info: 2019.03.13.10:08:04 Info: LEDs: Done RTL generation for module 'Computer_System_LEDs'
Info: 2019.03.13.10:08:04 Info: LEDs: "Computer_System" instantiated altera_avalon_pio "LEDs"
Info: 2019.03.13.10:08:04 Info: Onchip_SRAM: Starting RTL generation for module 'Computer_System_Onchip_SRAM'
Info: 2019.03.13.10:08:04 Info: Onchip_SRAM:   Generation command is [exec C:/intelfpga/18.1/quartus/bin64/perl/bin/perl.exe -I C:/intelfpga/18.1/quartus/bin64/perl/lib -I C:/intelfpga/18.1/quartus/sopc_builder/bin/europa -I C:/intelfpga/18.1/quartus/sopc_builder/bin/perl_lib -I C:/intelfpga/18.1/quartus/sopc_builder/bin -I C:/intelfpga/18.1/quartus/../ip/altera/sopc_builder_ip/common -I C:/intelfpga/18.1/quartus/../ip/altera/sopc_builder_ip/altera_avalon_onchip_memory2 -- C:/intelfpga/18.1/quartus/../ip/altera/sopc_builder_ip/altera_avalon_onchip_memory2/generate_rtl.pl --name=Computer_System_Onchip_SRAM --dir=C:/Users/fwang/AppData/Local/Temp/alt7968_8632710728449444245.dir/0119_Onchip_SRAM_gen/ --quartus_dir=C:/intelfpga/18.1/quartus --verilog --config=C:/Users/fwang/AppData/Local/Temp/alt7968_8632710728449444245.dir/0119_Onchip_SRAM_gen/
Info: 2019.03.13.10:08:05 Info: Onchip_SRAM: Done RTL generation for module 'Computer_System_Onchip_SRAM'
Info: 2019.03.13.10:08:05 Info: Onchip_SRAM: "Computer_System" instantiated altera_avalon_onchip_memory2 "Onchip_SRAM"
Info: 2019.03.13.10:08:05 Info: Pixel_DMA_Addr_Translation: "Computer_System" instantiated altera_up_avalon_video_dma_ctrl_addr_trans "Pixel_DMA_Addr_Translation"
Info: 2019.03.13.10:08:05 Info: Pushbuttons: Starting RTL generation for module 'Computer_System_Pushbuttons'
Info: 2019.03.13.10:08:05 Info: Pushbuttons:   Generation command is [exec C:/intelfpga/18.1/quartus/bin64/perl/bin/perl.exe -I C:/intelfpga/18.1/quartus/bin64/perl/lib -I C:/intelfpga/18.1/quartus/sopc_builder/bin/europa -I C:/intelfpga/18.1/quartus/sopc_builder/bin/perl_lib -I C:/intelfpga/18.1/quartus/sopc_builder/bin -I C:/intelfpga/18.1/quartus/../ip/altera/sopc_builder_ip/common -I C:/intelfpga/18.1/quartus/../ip/altera/sopc_builder_ip/altera_avalon_pio -- C:/intelfpga/18.1/quartus/../ip/altera/sopc_builder_ip/altera_avalon_pio/generate_rtl.pl --name=Computer_System_Pushbuttons --dir=C:/Users/fwang/AppData/Local/Temp/alt7968_8632710728449444245.dir/0121_Pushbuttons_gen/ --quartus_dir=C:/intelfpga/18.1/quartus --verilog --config=C:/Users/fwang/AppData/Local/Temp/alt7968_8632710728449444245.dir/0121_Pushbuttons_gen/
Info: 2019.03.13.10:08:05 Info: Pushbuttons: Done RTL generation for module 'Computer_System_Pushbuttons'
Info: 2019.03.13.10:08:05 Info: Pushbuttons: "Computer_System" instantiated altera_avalon_pio "Pushbuttons"
Info: 2019.03.13.10:08:05 Info: SDRAM: Starting RTL generation for module 'Computer_System_SDRAM'
Info: 2019.03.13.10:08:05 Info: SDRAM:   Generation command is [exec C:/intelfpga/18.1/quartus/bin64/perl/bin/perl.exe -I C:/intelfpga/18.1/quartus/bin64/perl/lib -I C:/intelfpga/18.1/quartus/sopc_builder/bin/europa -I C:/intelfpga/18.1/quartus/sopc_builder/bin/perl_lib -I C:/intelfpga/18.1/quartus/sopc_builder/bin -I C:/intelfpga/18.1/quartus/../ip/altera/sopc_builder_ip/common -I C:/intelfpga/18.1/quartus/../ip/altera/sopc_builder_ip/altera_avalon_new_sdram_controller -- C:/intelfpga/18.1/quartus/../ip/altera/sopc_builder_ip/altera_avalon_new_sdram_controller/generate_rtl.pl --name=Computer_System_SDRAM --dir=C:/Users/fwang/AppData/Local/Temp/alt7968_8632710728449444245.dir/0122_SDRAM_gen/ --quartus_dir=C:/intelfpga/18.1/quartus --verilog --config=C:/Users/fwang/AppData/Local/Temp/alt7968_8632710728449444245.dir/0122_SDRAM_gen/
Info: 2019.03.13.10:08:06 Info: SDRAM: Done RTL generation for module 'Computer_System_SDRAM'
Info: 2019.03.13.10:08:06 Info: SDRAM: "Computer_System" instantiated altera_avalon_new_sdram_controller "SDRAM"
Info: 2019.03.13.10:08:06 Info: Slider_Switches: Starting RTL generation for module 'Computer_System_Slider_Switches'
Info: 2019.03.13.10:08:06 Info: Slider_Switches:   Generation command is [exec C:/intelfpga/18.1/quartus/bin64/perl/bin/perl.exe -I C:/intelfpga/18.1/quartus/bin64/perl/lib -I C:/intelfpga/18.1/quartus/sopc_builder/bin/europa -I C:/intelfpga/18.1/quartus/sopc_builder/bin/perl_lib -I C:/intelfpga/18.1/quartus/sopc_builder/bin -I C:/intelfpga/18.1/quartus/../ip/altera/sopc_builder_ip/common -I C:/intelfpga/18.1/quartus/../ip/altera/sopc_builder_ip/altera_avalon_pio -- C:/intelfpga/18.1/quartus/../ip/altera/sopc_builder_ip/altera_avalon_pio/generate_rtl.pl --name=Computer_System_Slider_Switches --dir=C:/Users/fwang/AppData/Local/Temp/alt7968_8632710728449444245.dir/0123_Slider_Switches_gen/ --quartus_dir=C:/intelfpga/18.1/quartus --verilog --config=C:/Users/fwang/AppData/Local/Temp/alt7968_8632710728449444245.dir/0123_Slider_Switches_gen/
Info: 2019.03.13.10:08:06 Info: Slider_Switches: Done RTL generation for module 'Computer_System_Slider_Switches'
Info: 2019.03.13.10:08:06 Info: Slider_Switches: "Computer_System" instantiated altera_avalon_pio "Slider_Switches"
Info: 2019.03.13.10:08:07 Info: System_PLL: "Computer_System" instantiated altera_up_avalon_sys_sdram_pll "System_PLL"
Info: 2019.03.13.10:08:08 Info: VGA_Subsystem: "Computer_System" instantiated VGA_Subsystem "VGA_Subsystem"
Info: 2019.03.13.10:08:08 Info: Video_In_Subsystem: "Computer_System" instantiated Video_In_Subsystem "Video_In_Subsystem"
Info: 2019.03.13.10:08:09 Info: mm_interconnect_0: "Computer_System" instantiated altera_mm_interconnect "mm_interconnect_0"
Info: 2019.03.13.10:08:14 Info: avalon_st_adapter: Inserting error_adapter: error_adapter_0
Info: 2019.03.13.10:08:14 Info: avalon_st_adapter_001: Inserting error_adapter: error_adapter_0
Info: 2019.03.13.10:08:15 Info: avalon_st_adapter_002: Inserting error_adapter: error_adapter_0
Info: 2019.03.13.10:08:15 Info: avalon_st_adapter_003: Inserting error_adapter: error_adapter_0
Info: 2019.03.13.10:08:15 Info: avalon_st_adapter_004: Inserting error_adapter: error_adapter_0
Info: 2019.03.13.10:08:15 Info: avalon_st_adapter_005: Inserting error_adapter: error_adapter_0
Info: 2019.03.13.10:08:15 Info: avalon_st_adapter_006: Inserting error_adapter: error_adapter_0
Info: 2019.03.13.10:08:15 Info: avalon_st_adapter_007: Inserting error_adapter: error_adapter_0
Info: 2019.03.13.10:08:15 Info: avalon_st_adapter_008: Inserting error_adapter: error_adapter_0
Info: 2019.03.13.10:08:16 Info: avalon_st_adapter_009: Inserting error_adapter: error_adapter_0
Info: 2019.03.13.10:08:16 Info: avalon_st_adapter_010: Inserting error_adapter: error_adapter_0
Info: 2019.03.13.10:08:16 Info: avalon_st_adapter_011: Inserting error_adapter: error_adapter_0
Info: 2019.03.13.10:08:16 Info: avalon_st_adapter_012: Inserting error_adapter: error_adapter_0
Info: 2019.03.13.10:08:16 Info: avalon_st_adapter_013: Inserting error_adapter: error_adapter_0
Info: 2019.03.13.10:08:16 Info: avalon_st_adapter_014: Inserting error_adapter: error_adapter_0
Info: 2019.03.13.10:08:16 Info: avalon_st_adapter_015: Inserting error_adapter: error_adapter_0
Info: 2019.03.13.10:08:17 Info: avalon_st_adapter_016: Inserting error_adapter: error_adapter_0
Info: 2019.03.13.10:08:17 Info: avalon_st_adapter_017: Inserting error_adapter: error_adapter_0
Info: 2019.03.13.10:08:17 Info: avalon_st_adapter_018: Inserting error_adapter: error_adapter_0
Info: 2019.03.13.10:08:17 Info: avalon_st_adapter_019: Inserting error_adapter: error_adapter_0
Info: 2019.03.13.10:08:17 Info: avalon_st_adapter_020: Inserting error_adapter: error_adapter_0
Info: 2019.03.13.10:08:21 Info: mm_interconnect_1: "Computer_System" instantiated altera_mm_interconnect "mm_interconnect_1"
Info: 2019.03.13.10:08:21 Info: irq_mapper: "Computer_System" instantiated altera_irq_mapper "irq_mapper"
Info: 2019.03.13.10:08:21 Info: irq_mapper_001: "Computer_System" instantiated altera_irq_mapper "irq_mapper_001"
Info: 2019.03.13.10:08:21 Info: rst_controller: "Computer_System" instantiated altera_reset_controller "rst_controller"
Info: 2019.03.13.10:08:21 Info: fpga_interfaces: "ARM_A9_HPS" instantiated altera_interface_generator "fpga_interfaces"
Info: 2019.03.13.10:08:21 Info: hps_io: "ARM_A9_HPS" instantiated altera_hps_io "hps_io"
Info: 2019.03.13.10:08:21 Info: Audio: Starting Generation of Audio Controller
Info: 2019.03.13.10:08:21 Info: Audio: "Audio_Subsystem" instantiated altera_up_avalon_audio "Audio"
Info: 2019.03.13.10:08:22 Info: Audio_PLL: "Audio_Subsystem" instantiated altera_up_avalon_audio_pll "Audio_PLL"
Info: 2019.03.13.10:08:22 Info: jtag_phy_embedded_in_jtag_master: "JTAG_to_FPGA_Bridge" instantiated altera_jtag_dc_streaming "jtag_phy_embedded_in_jtag_master"
Info: 2019.03.13.10:08:22 Info: timing_adt: "JTAG_to_FPGA_Bridge" instantiated timing_adapter "timing_adt"
Info: 2019.03.13.10:08:22 Info: fifo: "JTAG_to_FPGA_Bridge" instantiated altera_avalon_sc_fifo "fifo"
Info: 2019.03.13.10:08:22 Info: b2p: "JTAG_to_FPGA_Bridge" instantiated altera_avalon_st_bytes_to_packets "b2p"
Info: 2019.03.13.10:08:22 Info: p2b: "JTAG_to_FPGA_Bridge" instantiated altera_avalon_st_packets_to_bytes "p2b"
Info: 2019.03.13.10:08:22 Info: transacto: "JTAG_to_FPGA_Bridge" instantiated altera_avalon_packets_to_master "transacto"
Info: 2019.03.13.10:08:22 Info: b2p_adapter: "JTAG_to_FPGA_Bridge" instantiated channel_adapter "b2p_adapter"
Info: 2019.03.13.10:08:22 Info: p2b_adapter: "JTAG_to_FPGA_Bridge" instantiated channel_adapter "p2b_adapter"
Info: 2019.03.13.10:08:22 Info: sys_pll: "System_PLL" instantiated altera_pll "sys_pll"
Info: 2019.03.13.10:08:22 Info: reset_from_locked: "System_PLL" instantiated altera_up_avalon_reset_from_locked_signal "reset_from_locked"
Info: 2019.03.13.10:08:22 Info: VGA_Alpha_Blender: Starting Generation of the Alpha Blender
Info: 2019.03.13.10:08:22 Info: VGA_Alpha_Blender: "VGA_Subsystem" instantiated altera_up_avalon_video_alpha_blender "VGA_Alpha_Blender"
Info: 2019.03.13.10:08:22 Info: VGA_Char_Buffer: Starting Generation of Character Buffer
Info: 2019.03.13.10:08:22 Info: VGA_Char_Buffer: "VGA_Subsystem" instantiated altera_up_avalon_video_character_buffer_with_dma "VGA_Char_Buffer"
Info: 2019.03.13.10:08:22 Info: VGA_Controller: Starting Generation of VGA Controller
Info: 2019.03.13.10:08:22 Info: VGA_Controller: "VGA_Subsystem" instantiated altera_up_avalon_video_vga_controller "VGA_Controller"
Info: 2019.03.13.10:08:22 Info: VGA_Dual_Clock_FIFO: Starting Generation of the Dual Clock Buffer
Info: 2019.03.13.10:08:22 Info: VGA_Dual_Clock_FIFO: "VGA_Subsystem" instantiated altera_up_avalon_video_dual_clock_buffer "VGA_Dual_Clock_FIFO"
Info: 2019.03.13.10:08:23 Info: VGA_PLL: "VGA_Subsystem" instantiated altera_up_avalon_video_pll "VGA_PLL"
Info: 2019.03.13.10:08:23 Info: VGA_Pixel_DMA: Starting Generation of VGA Pixel Buffer
Info: 2019.03.13.10:08:23 Info: VGA_Pixel_DMA: "VGA_Subsystem" instantiated altera_up_avalon_video_pixel_buffer_dma "VGA_Pixel_DMA"
Info: 2019.03.13.10:08:23 Info: VGA_Pixel_FIFO: Starting Generation of the Dual Clock Buffer
Info: 2019.03.13.10:08:23 Info: VGA_Pixel_FIFO: "VGA_Subsystem" instantiated altera_up_avalon_video_dual_clock_buffer "VGA_Pixel_FIFO"
Info: 2019.03.13.10:08:23 Info: VGA_Pixel_RGB_Resampler: Starting Generation of Video RGB Resampler
Info: 2019.03.13.10:08:23 Info: VGA_Pixel_RGB_Resampler: "VGA_Subsystem" instantiated altera_up_avalon_video_rgb_resampler "VGA_Pixel_RGB_Resampler"
Info: 2019.03.13.10:08:23 Info: Edge_Detection_Subsystem: "Video_In_Subsystem" instantiated Edge_Detection_Subsystem "Edge_Detection_Subsystem"
Info: 2019.03.13.10:08:23 Info: Video_In: Starting Generation of Video In Decoder
Info: 2019.03.13.10:08:23 Info: Video_In: "Video_In_Subsystem" instantiated altera_up_avalon_video_decoder "Video_In"
Info: 2019.03.13.10:08:23 Info: Video_In_CSC: Starting Generation of Colour Space Converter
Info: 2019.03.13.10:08:23 Info: Video_In_CSC: "Video_In_Subsystem" instantiated altera_up_avalon_video_csc "Video_In_CSC"
Info: 2019.03.13.10:08:23 Info: Video_In_Chroma_Resampler: Starting Generation of Chroma Resampler
Info: 2019.03.13.10:08:23 Info: Video_In_Chroma_Resampler: "Video_In_Subsystem" instantiated altera_up_avalon_video_chroma_resampler "Video_In_Chroma_Resampler"
Info: 2019.03.13.10:08:23 Info: Video_In_Clipper: Starting generation of the video clipper
Info: 2019.03.13.10:08:23 Info: Video_In_Clipper: "Video_In_Subsystem" instantiated altera_up_avalon_video_clipper "Video_In_Clipper"
Info: 2019.03.13.10:08:23 Info: Video_In_DMA: Starting Generation of Video DMA Controller
Info: 2019.03.13.10:08:23 Info: Video_In_DMA: "Video_In_Subsystem" instantiated altera_up_avalon_video_dma_controller "Video_In_DMA"
Info: 2019.03.13.10:08:23 Info: Video_In_RGB_Resampler: Starting Generation of Video RGB Resampler
Info: 2019.03.13.10:08:24 Info: Video_In_RGB_Resampler: "Video_In_Subsystem" instantiated altera_up_avalon_video_rgb_resampler "Video_In_RGB_Resampler"
Info: 2019.03.13.10:08:24 Info: Video_In_Scaler: Starting Generation of Video Scaler
Info: 2019.03.13.10:08:24 Info: Video_In_Scaler: "Video_In_Subsystem" instantiated altera_up_avalon_video_scaler "Video_In_Scaler"
Info: 2019.03.13.10:08:24 Info: F2H_Mem_Window_00000000_expanded_master_translator: "mm_interconnect_0" instantiated altera_merlin_master_translator "F2H_Mem_Window_00000000_expanded_master_translator"
Info: 2019.03.13.10:08:24 Info: F2H_Mem_Window_00000000_expanded_master_agent: "mm_interconnect_0" instantiated altera_merlin_master_agent "F2H_Mem_Window_00000000_expanded_master_agent"
Info: 2019.03.13.10:08:24 Info: ARM_A9_HPS_f2h_axi_slave_agent: "mm_interconnect_0" instantiated altera_merlin_axi_slave_ni "ARM_A9_HPS_f2h_axi_slave_agent"
Info: 2019.03.13.10:08:24 Info: Reusing file C:/Users/fwang/Desktop/SoC Projects/cornellsources/DE1-SoC_640x480/DE1_SoC_Computer_chopped_1_restored/Computer_System/synthesis/submodules
Info: 2019.03.13.10:08:24 Info: router: "mm_interconnect_0" instantiated altera_merlin_router "router"
Info: 2019.03.13.10:08:24 Info: router_004: "mm_interconnect_0" instantiated altera_merlin_router "router_004"
Info: 2019.03.13.10:08:24 Info: F2H_Mem_Window_00000000_expanded_master_limiter: "mm_interconnect_0" instantiated altera_merlin_traffic_limiter "F2H_Mem_Window_00000000_expanded_master_limiter"
Info: 2019.03.13.10:08:24 Info: Reusing file C:/Users/fwang/Desktop/SoC Projects/cornellsources/DE1-SoC_640x480/DE1_SoC_Computer_chopped_1_restored/Computer_System/synthesis/submodules
Info: 2019.03.13.10:08:24 Info: Reusing file C:/Users/fwang/Desktop/SoC Projects/cornellsources/DE1-SoC_640x480/DE1_SoC_Computer_chopped_1_restored/Computer_System/synthesis/submodules
Info: 2019.03.13.10:08:24 Info: cmd_demux: "mm_interconnect_0" instantiated altera_merlin_demultiplexer "cmd_demux"
Info: 2019.03.13.10:08:24 Info: cmd_mux: "mm_interconnect_0" instantiated altera_merlin_multiplexer "cmd_mux"
Info: 2019.03.13.10:08:24 Info: rsp_demux: "mm_interconnect_0" instantiated altera_merlin_demultiplexer "rsp_demux"
Info: 2019.03.13.10:08:24 Info: rsp_mux: "mm_interconnect_0" instantiated altera_merlin_multiplexer "rsp_mux"
Info: 2019.03.13.10:08:24 Info: Reusing file C:/Users/fwang/Desktop/SoC Projects/cornellsources/DE1-SoC_640x480/DE1_SoC_Computer_chopped_1_restored/Computer_System/synthesis/submodules
Info: 2019.03.13.10:08:24 Info: ARM_A9_HPS_f2h_axi_slave_wr_cmd_width_adapter: "mm_interconnect_0" instantiated altera_merlin_width_adapter "ARM_A9_HPS_f2h_axi_slave_wr_cmd_width_adapter"
Info: 2019.03.13.10:08:24 Info: Reusing file C:/Users/fwang/Desktop/SoC Projects/cornellsources/DE1-SoC_640x480/DE1_SoC_Computer_chopped_1_restored/Computer_System/synthesis/submodules
Info: 2019.03.13.10:08:24 Info: Reusing file C:/Users/fwang/Desktop/SoC Projects/cornellsources/DE1-SoC_640x480/DE1_SoC_Computer_chopped_1_restored/Computer_System/synthesis/submodules
Info: 2019.03.13.10:08:24 Info: VGA_Subsystem_char_buffer_slave_translator: "mm_interconnect_1" instantiated altera_merlin_slave_translator "VGA_Subsystem_char_buffer_slave_translator"
Info: 2019.03.13.10:08:24 Info: ARM_A9_HPS_h2f_axi_master_agent: "mm_interconnect_1" instantiated altera_merlin_axi_master_ni "ARM_A9_HPS_h2f_axi_master_agent"
Info: 2019.03.13.10:08:24 Info: Reusing file C:/Users/fwang/Desktop/SoC Projects/cornellsources/DE1-SoC_640x480/DE1_SoC_Computer_chopped_1_restored/Computer_System/synthesis/submodules
Info: 2019.03.13.10:08:24 Info: VGA_Subsystem_char_buffer_slave_agent: "mm_interconnect_1" instantiated altera_merlin_slave_agent "VGA_Subsystem_char_buffer_slave_agent"
Info: 2019.03.13.10:08:24 Info: Reusing file C:/Users/fwang/Desktop/SoC Projects/cornellsources/DE1-SoC_640x480/DE1_SoC_Computer_chopped_1_restored/Computer_System/synthesis/submodules
Info: 2019.03.13.10:08:24 Info: router: "mm_interconnect_1" instantiated altera_merlin_router "router"
Info: 2019.03.13.10:08:24 Info: router_002: "mm_interconnect_1" instantiated altera_merlin_router "router_002"
Info: 2019.03.13.10:08:24 Info: router_003: "mm_interconnect_1" instantiated altera_merlin_router "router_003"
Info: 2019.03.13.10:08:24 Info: router_004: "mm_interconnect_1" instantiated altera_merlin_router "router_004"
Info: 2019.03.13.10:08:24 Info: router_006: "mm_interconnect_1" instantiated altera_merlin_router "router_006"
Info: 2019.03.13.10:08:24 Info: router_007: "mm_interconnect_1" instantiated altera_merlin_router "router_007"
Info: 2019.03.13.10:08:24 Info: router_008: "mm_interconnect_1" instantiated altera_merlin_router "router_008"
Info: 2019.03.13.10:08:24 Info: router_009: "mm_interconnect_1" instantiated altera_merlin_router "router_009"
Info: 2019.03.13.10:08:24 Info: router_010: "mm_interconnect_1" instantiated altera_merlin_router "router_010"
Info: 2019.03.13.10:08:24 Info: router_011: "mm_interconnect_1" instantiated altera_merlin_router "router_011"
Info: 2019.03.13.10:08:24 Info: router_012: "mm_interconnect_1" instantiated altera_merlin_router "router_012"
Info: 2019.03.13.10:08:24 Info: router_017: "mm_interconnect_1" instantiated altera_merlin_router "router_017"
Info: 2019.03.13.10:08:24 Info: router_023: "mm_interconnect_1" instantiated altera_merlin_router "router_023"
Info: 2019.03.13.10:08:24 Info: router_024: "mm_interconnect_1" instantiated altera_merlin_router "router_024"
Info: 2019.03.13.10:08:24 Info: router_027: "mm_interconnect_1" instantiated altera_merlin_router "router_027"
Info: 2019.03.13.10:08:24 Info: router_029: "mm_interconnect_1" instantiated altera_merlin_router "router_029"
Info: 2019.03.13.10:08:24 Info: VGA_Subsystem_char_buffer_slave_burst_adapter: "mm_interconnect_1" instantiated altera_merlin_burst_adapter "VGA_Subsystem_char_buffer_slave_burst_adapter"
Info: 2019.03.13.10:08:24 Info: Reusing file C:/Users/fwang/Desktop/SoC Projects/cornellsources/DE1-SoC_640x480/DE1_SoC_Computer_chopped_1_restored/Computer_System/synthesis/submodules
Info: 2019.03.13.10:08:24 Info: Reusing file C:/Users/fwang/Desktop/SoC Projects/cornellsources/DE1-SoC_640x480/DE1_SoC_Computer_chopped_1_restored/Computer_System/synthesis/submodules
Info: 2019.03.13.10:08:24 Info: Reusing file C:/Users/fwang/Desktop/SoC Projects/cornellsources/DE1-SoC_640x480/DE1_SoC_Computer_chopped_1_restored/Computer_System/synthesis/submodules
Info: 2019.03.13.10:08:24 Info: cmd_demux: "mm_interconnect_1" instantiated altera_merlin_demultiplexer "cmd_demux"
Info: 2019.03.13.10:08:24 Info: cmd_demux_002: "mm_interconnect_1" instantiated altera_merlin_demultiplexer "cmd_demux_002"
Info: 2019.03.13.10:08:24 Info: cmd_demux_003: "mm_interconnect_1" instantiated altera_merlin_demultiplexer "cmd_demux_003"
Info: 2019.03.13.10:08:24 Info: cmd_demux_004: "mm_interconnect_1" instantiated altera_merlin_demultiplexer "cmd_demux_004"
Info: 2019.03.13.10:08:24 Info: cmd_demux_007: "mm_interconnect_1" instantiated altera_merlin_demultiplexer "cmd_demux_007"
Info: 2019.03.13.10:08:24 Info: cmd_demux_008: "mm_interconnect_1" instantiated altera_merlin_demultiplexer "cmd_demux_008"
Info: 2019.03.13.10:08:24 Info: cmd_mux: "mm_interconnect_1" instantiated altera_merlin_multiplexer "cmd_mux"
Info: 2019.03.13.10:08:24 Info: Reusing file C:/Users/fwang/Desktop/SoC Projects/cornellsources/DE1-SoC_640x480/DE1_SoC_Computer_chopped_1_restored/Computer_System/synthesis/submodules
Info: 2019.03.13.10:08:24 Info: cmd_mux_001: "mm_interconnect_1" instantiated altera_merlin_multiplexer "cmd_mux_001"
Info: 2019.03.13.10:08:24 Info: Reusing file C:/Users/fwang/Desktop/SoC Projects/cornellsources/DE1-SoC_640x480/DE1_SoC_Computer_chopped_1_restored/Computer_System/synthesis/submodules
Info: 2019.03.13.10:08:24 Info: cmd_mux_002: "mm_interconnect_1" instantiated altera_merlin_multiplexer "cmd_mux_002"
Info: 2019.03.13.10:08:24 Info: Reusing file C:/Users/fwang/Desktop/SoC Projects/cornellsources/DE1-SoC_640x480/DE1_SoC_Computer_chopped_1_restored/Computer_System/synthesis/submodules
Info: 2019.03.13.10:08:24 Info: cmd_mux_003: "mm_interconnect_1" instantiated altera_merlin_multiplexer "cmd_mux_003"
Info: 2019.03.13.10:08:24 Info: Reusing file C:/Users/fwang/Desktop/SoC Projects/cornellsources/DE1-SoC_640x480/DE1_SoC_Computer_chopped_1_restored/Computer_System/synthesis/submodules
Info: 2019.03.13.10:08:24 Info: cmd_mux_008: "mm_interconnect_1" instantiated altera_merlin_multiplexer "cmd_mux_008"
Info: 2019.03.13.10:08:24 Info: Reusing file C:/Users/fwang/Desktop/SoC Projects/cornellsources/DE1-SoC_640x480/DE1_SoC_Computer_chopped_1_restored/Computer_System/synthesis/submodules
Info: 2019.03.13.10:08:24 Info: cmd_mux_015: "mm_interconnect_1" instantiated altera_merlin_multiplexer "cmd_mux_015"
Info: 2019.03.13.10:08:24 Info: Reusing file C:/Users/fwang/Desktop/SoC Projects/cornellsources/DE1-SoC_640x480/DE1_SoC_Computer_chopped_1_restored/Computer_System/synthesis/submodules
Info: 2019.03.13.10:08:24 Info: rsp_demux: "mm_interconnect_1" instantiated altera_merlin_demultiplexer "rsp_demux"
Info: 2019.03.13.10:08:24 Info: rsp_demux_001: "mm_interconnect_1" instantiated altera_merlin_demultiplexer "rsp_demux_001"
Info: 2019.03.13.10:08:24 Info: rsp_demux_002: "mm_interconnect_1" instantiated altera_merlin_demultiplexer "rsp_demux_002"
Info: 2019.03.13.10:08:24 Info: rsp_demux_003: "mm_interconnect_1" instantiated altera_merlin_demultiplexer "rsp_demux_003"
Info: 2019.03.13.10:08:24 Info: rsp_demux_008: "mm_interconnect_1" instantiated altera_merlin_demultiplexer "rsp_demux_008"
Info: 2019.03.13.10:08:24 Info: rsp_mux: "mm_interconnect_1" instantiated altera_merlin_multiplexer "rsp_mux"
Info: 2019.03.13.10:08:24 Info: Reusing file C:/Users/fwang/Desktop/SoC Projects/cornellsources/DE1-SoC_640x480/DE1_SoC_Computer_chopped_1_restored/Computer_System/synthesis/submodules
Info: 2019.03.13.10:08:24 Info: rsp_mux_002: "mm_interconnect_1" instantiated altera_merlin_multiplexer "rsp_mux_002"
Info: 2019.03.13.10:08:24 Info: Reusing file C:/Users/fwang/Desktop/SoC Projects/cornellsources/DE1-SoC_640x480/DE1_SoC_Computer_chopped_1_restored/Computer_System/synthesis/submodules
Info: 2019.03.13.10:08:24 Info: rsp_mux_003: "mm_interconnect_1" instantiated altera_merlin_multiplexer "rsp_mux_003"
Info: 2019.03.13.10:08:24 Info: Reusing file C:/Users/fwang/Desktop/SoC Projects/cornellsources/DE1-SoC_640x480/DE1_SoC_Computer_chopped_1_restored/Computer_System/synthesis/submodules
Info: 2019.03.13.10:08:24 Info: rsp_mux_004: "mm_interconnect_1" instantiated altera_merlin_multiplexer "rsp_mux_004"
Info: 2019.03.13.10:08:24 Info: Reusing file C:/Users/fwang/Desktop/SoC Projects/cornellsources/DE1-SoC_640x480/DE1_SoC_Computer_chopped_1_restored/Computer_System/synthesis/submodules
Info: 2019.03.13.10:08:24 Info: rsp_mux_007: "mm_interconnect_1" instantiated altera_merlin_multiplexer "rsp_mux_007"
Info: 2019.03.13.10:08:24 Info: Reusing file C:/Users/fwang/Desktop/SoC Projects/cornellsources/DE1-SoC_640x480/DE1_SoC_Computer_chopped_1_restored/Computer_System/synthesis/submodules
Info: 2019.03.13.10:08:24 Info: rsp_mux_008: "mm_interconnect_1" instantiated altera_merlin_multiplexer "rsp_mux_008"
Info: 2019.03.13.10:08:24 Info: Reusing file C:/Users/fwang/Desktop/SoC Projects/cornellsources/DE1-SoC_640x480/DE1_SoC_Computer_chopped_1_restored/Computer_System/synthesis/submodules
Info: 2019.03.13.10:08:25 Info: avalon_st_adapter: "mm_interconnect_1" instantiated altera_avalon_st_adapter "avalon_st_adapter"
Info: 2019.03.13.10:08:25 Info: avalon_st_adapter_001: "mm_interconnect_1" instantiated altera_avalon_st_adapter "avalon_st_adapter_001"
Info: 2019.03.13.10:08:25 Info: avalon_st_adapter_002: "mm_interconnect_1" instantiated altera_avalon_st_adapter "avalon_st_adapter_002"
Info: 2019.03.13.10:08:48 Info: border: "hps_io" instantiated altera_interface_generator "border"
Info: 2019.03.13.10:08:48 Info: audio_pll: "Audio_PLL" instantiated altera_pll "audio_pll"
Info: 2019.03.13.10:08:48 Info: video_pll: "VGA_PLL" instantiated altera_pll "video_pll"
Info: 2019.03.13.10:08:48 Info: Chroma_Filter: Starting Generation of Chroma Resampler
Info: 2019.03.13.10:08:48 Info: Chroma_Filter: "Edge_Detection_Subsystem" instantiated altera_up_avalon_video_chroma_resampler "Chroma_Filter"
Info: 2019.03.13.10:08:48 Info: Chroma_Upsampler: Starting Generation of Chroma Resampler
Info: 2019.03.13.10:08:48 Info: Chroma_Upsampler: "Edge_Detection_Subsystem" instantiated altera_up_avalon_video_chroma_resampler "Chroma_Upsampler"
Info: 2019.03.13.10:08:48 Info: Edge_Detection: Starting Generation of Video In Edge Detection
Info: 2019.03.13.10:08:48 Info: Edge_Detection: "Edge_Detection_Subsystem" instantiated altera_up_avalon_video_edge_detection "Edge_Detection"
Info: 2019.03.13.10:08:48 Info: Edge_Detection_Router_Controller: Starting RTL generation for module 'Computer_System_Video_In_Subsystem_Edge_Detection_Subsystem_Edge_Detection_Router_Controller'
Info: 2019.03.13.10:08:48 Info: Edge_Detection_Router_Controller:   Generation command is [exec C:/intelfpga/18.1/quartus/bin64/perl/bin/perl.exe -I C:/intelfpga/18.1/quartus/bin64/perl/lib -I C:/intelfpga/18.1/quartus/sopc_builder/bin/europa -I C:/intelfpga/18.1/quartus/sopc_builder/bin/perl_lib -I C:/intelfpga/18.1/quartus/sopc_builder/bin -I C:/intelfpga/18.1/quartus/../ip/altera/sopc_builder_ip/common -I C:/intelfpga/18.1/quartus/../ip/altera/sopc_builder_ip/altera_avalon_pio -- C:/intelfpga/18.1/quartus/../ip/altera/sopc_builder_ip/altera_avalon_pio/generate_rtl.pl --name=Computer_System_Video_In_Subsystem_Edge_Detection_Subsystem_Edge_Detection_Router_Controller --dir=C:/Users/fwang/AppData/Local/Temp/alt7968_8632710728449444245.dir/0213_Edge_Detection_Router_Controller_gen/ --quartus_dir=C:/intelfpga/18.1/quartus --verilog --config=C:/Users/fwang/AppData/Local/Temp/alt7968_8632710728449444245.dir/0213_Edge_Detection_Router_Controller_gen/
Info: 2019.03.13.10:08:48 Info: Edge_Detection_Router_Controller: Done RTL generation for module 'Computer_System_Video_In_Subsystem_Edge_Detection_Subsystem_Edge_Detection_Router_Controller'
Info: 2019.03.13.10:08:48 Info: Edge_Detection_Router_Controller: "Edge_Detection_Subsystem" instantiated altera_avalon_pio "Edge_Detection_Router_Controller"
Info: 2019.03.13.10:08:48 Info: Video_Stream_Merger: Starting Generation of Video In Stream Router
Info: 2019.03.13.10:08:48 Info: Video_Stream_Merger: "Edge_Detection_Subsystem" instantiated altera_up_avalon_video_stream_router "Video_Stream_Merger"
Info: 2019.03.13.10:08:48 Info: Video_Stream_Splitter: Starting Generation of Video In Stream Router
Info: 2019.03.13.10:08:48 Info: Video_Stream_Splitter: "Edge_Detection_Subsystem" instantiated altera_up_avalon_video_stream_router "Video_Stream_Splitter"
Info: 2019.03.13.10:08:48 Info: error_adapter_0: "avalon_st_adapter" instantiated error_adapter "error_adapter_0"
Info: 2019.03.13.10:08:48 Info: error_adapter_0: "avalon_st_adapter_001" instantiated error_adapter "error_adapter_0"
Info: 2019.03.13.10:08:48 Info: error_adapter_0: "avalon_st_adapter_002" instantiated error_adapter "error_adapter_0"
Info: 2019.03.13.10:08:48 Info: Computer_System: Done "Computer_System" with 122 modules, 240 files
Info: 2019.03.13.10:08:50 Info: qsys-generate succeeded.
Info: 2019.03.13.10:08:50 Info: Finished: Create HDL design files for synthesis
Info (11131): Completed upgrading IP component Qsys with file "Computer_System.qsys"
Info (23030): Evaluation of Tcl script c:/intelfpga/18.1/quartus/common/tcl/internal/ip_regen/ip_regen.tcl was successful
Info: Quartus Prime Shell was successful. 0 errors, 35 warnings
    Info: Peak virtual memory: 817 megabytes
    Info: Processing ended: Wed Mar 13 10:09:08 2019
    Info: Elapsed time: 00:04:33
    Info: Total CPU time (on all processors): 00:05:52


