Assembler report for DE1_SoC_Computer
Sun May 05 15:33:19 2019
Quartus Prime Version 18.0.0 Build 614 04/24/2018 SJ Lite Edition


---------------------
; Table of Contents ;
---------------------
  1. Legal Notice
  2. Assembler Summary
  3. Assembler Settings
  4. Assembler Encrypted IP Cores Summary
  5. Assembler Generated Files
  6. Assembler Device Options: D:/Austin/Documents/Austin Liberty 500 DEGREES/Austin School 2018-2019/ENGC 401/Final Project/DE1_SoC_Computer_chopped_1/DE1_SoC_Computer.sof
  7. Assembler Messages



----------------
; Legal Notice ;
----------------
Copyright (C) 2018  Intel Corporation. All rights reserved.
Your use of Intel Corporation's design tools, logic functions 
and other software and tools, and its AMPP partner logic 
functions, and any output files from any of the foregoing 
(including device programming or simulation files), and any 
associated documentation or information are expressly subject 
to the terms and conditions of the Intel Program License 
Subscription Agreement, the Intel Quartus Prime License Agreement,
the Intel FPGA IP License Agreement, or other applicable license
agreement, including, without limitation, that your use is for
the sole purpose of programming logic devices manufactured by
Intel and sold by Intel or its authorized distributors.  Please
refer to the applicable agreement for further details.



+---------------------------------------------------------------+
; Assembler Summary                                             ;
+-----------------------+---------------------------------------+
; Assembler Status      ; Successful - Sun May 05 15:33:19 2019 ;
; Revision Name         ; DE1_SoC_Computer                      ;
; Top-level Entity Name ; DE1_SoC_Computer                      ;
; Family                ; Cyclone V                             ;
; Device                ; 5CSEMA5F31C6                          ;
+-----------------------+---------------------------------------+


+----------------------------------+
; Assembler Settings               ;
+--------+---------+---------------+
; Option ; Setting ; Default Value ;
+--------+---------+---------------+


+------------------------------------------------+
; Assembler Encrypted IP Cores Summary           ;
+--------+------------------------+--------------+
; Vendor ; IP Core Name           ; License Type ;
+--------+------------------------+--------------+
; Altera ; Signal Tap (6AF7 BCE1) ; Licensed     ;
; Altera ; Signal Tap (6AF7 BCEC) ; Licensed     ;
+--------+------------------------+--------------+


+-----------------------------------------------------------------------------------------------------------------------------------------------+
; Assembler Generated Files                                                                                                                     ;
+-----------------------------------------------------------------------------------------------------------------------------------------------+
; File Name                                                                                                                                     ;
+-----------------------------------------------------------------------------------------------------------------------------------------------+
; D:/Austin/Documents/Austin Liberty 500 DEGREES/Austin School 2018-2019/ENGC 401/Final Project/DE1_SoC_Computer_chopped_1/DE1_SoC_Computer.sof ;
+-----------------------------------------------------------------------------------------------------------------------------------------------+


+-------------------------------------------------------------------------------------------------------------------------------------------------------------------------+
; Assembler Device Options: D:/Austin/Documents/Austin Liberty 500 DEGREES/Austin School 2018-2019/ENGC 401/Final Project/DE1_SoC_Computer_chopped_1/DE1_SoC_Computer.sof ;
+----------------+--------------------------------------------------------------------------------------------------------------------------------------------------------+
; Option         ; Setting                                                                                                                                                ;
+----------------+--------------------------------------------------------------------------------------------------------------------------------------------------------+
; JTAG usercode  ; 0x07B023B2                                                                                                                                             ;
; Checksum       ; 0x07B023B2                                                                                                                                             ;
+----------------+--------------------------------------------------------------------------------------------------------------------------------------------------------+


+--------------------+
; Assembler Messages ;
+--------------------+
Info: *******************************************************************
Info: Running Quartus Prime Assembler
    Info: Version 18.0.0 Build 614 04/24/2018 SJ Lite Edition
    Info: Processing started: Sun May 05 15:32:41 2019
Info: Command: quartus_asm --read_settings_files=off --write_settings_files=off DE1_SoC_Computer -c DE1_SoC_Computer
Info (115030): Assembler is generating device programming files
Info (11878): Hard Processor Subsystem configuration has not changed and a Preloader software update is not required
Info: Quartus Prime Assembler was successful. 0 errors, 0 warnings
    Info: Peak virtual memory: 5113 megabytes
    Info: Processing ended: Sun May 05 15:33:20 2019
    Info: Elapsed time: 00:00:39
    Info: Total CPU time (on all processors): 00:00:29


